{"/Users/billfield/dev/fhir-server/src/dataLayer/builders/genericClickHouseQueryBuilder.js": {"path":"/Users/billfield/dev/fhir-server/src/dataLayer/builders/genericClickHouseQueryBuilder.js","statementMap":{"0":{"start":{"line":3,"column":21},"end":{"line":3,"column":63}},"1":{"start":{"line":4,"column":30},"end":{"line":4,"column":81}},"2":{"start":{"line":5,"column":25},"end":{"line":5,"column":71}},"3":{"start":{"line":8,"column":22},"end":{"line":8,"column":25}},"4":{"start":{"line":9,"column":19},"end":{"line":9,"column":38}},"5":{"start":{"line":10,"column":25},"end":{"line":10,"column":28}},"6":{"start":{"line":11,"column":30},"end":{"line":11,"column":42}},"7":{"start":{"line":14,"column":21},"end":{"line":21,"column":1}},"8":{"start":{"line":28,"column":28},"end":{"line":35,"column":1}},"9":{"start":{"line":38,"column":24},"end":{"line":45,"column":1}},"10":{"start":{"line":64,"column":22},"end":{"line":64,"column":52}},"11":{"start":{"line":65,"column":21},"end":{"line":65,"column":38}},"12":{"start":{"line":66,"column":41},"end":{"line":66,"column":85}},"13":{"start":{"line":67,"column":28},"end":{"line":67,"column":79}},"14":{"start":{"line":69,"column":8},"end":{"line":69,"column":46}},"15":{"start":{"line":70,"column":8},"end":{"line":72,"column":9}},"16":{"start":{"line":71,"column":12},"end":{"line":71,"column":48}},"17":{"start":{"line":75,"column":8},"end":{"line":122,"column":9}},"18":{"start":{"line":82,"column":32},"end":{"line":82,"column":34}},"19":{"start":{"line":83,"column":12},"end":{"line":83,"column":91}},"20":{"start":{"line":85,"column":31},"end":{"line":91,"column":13}},"21":{"start":{"line":93,"column":31},"end":{"line":99,"column":13}},"22":{"start":{"line":101,"column":12},"end":{"line":103,"column":13}},"23":{"start":{"line":102,"column":16},"end":{"line":102,"column":75}},"24":{"start":{"line":105,"column":12},"end":{"line":105,"column":58}},"25":{"start":{"line":107,"column":12},"end":{"line":107,"column":92}},"26":{"start":{"line":109,"column":26},"end":{"line":115,"column":13}},"27":{"start":{"line":117,"column":12},"end":{"line":119,"column":13}},"28":{"start":{"line":118,"column":16},"end":{"line":118,"column":70}},"29":{"start":{"line":121,"column":12},"end":{"line":121,"column":53}},"30":{"start":{"line":124,"column":8},"end":{"line":129,"column":11}},"31":{"start":{"line":131,"column":8},"end":{"line":131,"column":47}},"32":{"start":{"line":140,"column":41},"end":{"line":140,"column":85}},"33":{"start":{"line":141,"column":28},"end":{"line":141,"column":79}},"34":{"start":{"line":144,"column":8},"end":{"line":165,"column":9}},"35":{"start":{"line":145,"column":31},"end":{"line":151,"column":13}},"36":{"start":{"line":153,"column":12},"end":{"line":156,"column":25}},"37":{"start":{"line":158,"column":26},"end":{"line":162,"column":13}},"38":{"start":{"line":164,"column":12},"end":{"line":164,"column":53}},"39":{"start":{"line":166,"column":8},"end":{"line":166,"column":47}},"40":{"start":{"line":176,"column":23},"end":{"line":176,"column":51}},"41":{"start":{"line":177,"column":29},"end":{"line":177,"column":68}},"42":{"start":{"line":180,"column":32},"end":{"line":184,"column":9}},"43":{"start":{"line":185,"column":8},"end":{"line":185,"column":46}},"44":{"start":{"line":187,"column":28},"end":{"line":187,"column":79}},"45":{"start":{"line":189,"column":22},"end":{"line":193,"column":9}},"46":{"start":{"line":195,"column":8},"end":{"line":198,"column":9}},"47":{"start":{"line":197,"column":12},"end":{"line":197,"column":64}},"48":{"start":{"line":200,"column":8},"end":{"line":200,"column":30}},"49":{"start":{"line":202,"column":22},"end":{"line":202,"column":54}},"50":{"start":{"line":203,"column":8},"end":{"line":203,"column":47}},"51":{"start":{"line":210,"column":8},"end":{"line":210,"column":34}},"52":{"start":{"line":215,"column":8},"end":{"line":215,"column":35}},"53":{"start":{"line":220,"column":8},"end":{"line":220,"column":51}},"54":{"start":{"line":225,"column":8},"end":{"line":225,"column":49}},"55":{"start":{"line":225,"column":37},"end":{"line":225,"column":49}},"56":{"start":{"line":226,"column":8},"end":{"line":226,"column":51}},"57":{"start":{"line":231,"column":8},"end":{"line":231,"column":48}},"58":{"start":{"line":244,"column":8},"end":{"line":259,"column":9}},"59":{"start":{"line":245,"column":34},"end":{"line":249,"column":13}},"60":{"start":{"line":247,"column":33},"end":{"line":247,"column":44}},"61":{"start":{"line":248,"column":30},"end":{"line":248,"column":41}},"62":{"start":{"line":251,"column":12},"end":{"line":258,"column":13}},"63":{"start":{"line":252,"column":16},"end":{"line":257,"column":17}},"64":{"start":{"line":253,"column":20},"end":{"line":256,"column":22}},"65":{"start":{"line":262,"column":8},"end":{"line":264,"column":9}},"66":{"start":{"line":263,"column":12},"end":{"line":263,"column":73}},"67":{"start":{"line":270,"column":8},"end":{"line":292,"column":9}},"68":{"start":{"line":271,"column":12},"end":{"line":271,"column":54}},"69":{"start":{"line":271,"column":45},"end":{"line":271,"column":54}},"70":{"start":{"line":273,"column":33},"end":{"line":275,"column":13}},"71":{"start":{"line":274,"column":21},"end":{"line":274,"column":97}},"72":{"start":{"line":276,"column":32},"end":{"line":278,"column":13}},"73":{"start":{"line":277,"column":21},"end":{"line":277,"column":97}},"74":{"start":{"line":280,"column":12},"end":{"line":291,"column":13}},"75":{"start":{"line":281,"column":32},"end":{"line":281,"column":70}},"76":{"start":{"line":282,"column":30},"end":{"line":282,"column":67}},"77":{"start":{"line":283,"column":34},"end":{"line":283,"column":64}},"78":{"start":{"line":285,"column":16},"end":{"line":290,"column":17}},"79":{"start":{"line":286,"column":20},"end":{"line":289,"column":22}},"80":{"start":{"line":297,"column":22},"end":{"line":297,"column":40}},"81":{"start":{"line":298,"column":8},"end":{"line":298,"column":44}},"82":{"start":{"line":299,"column":8},"end":{"line":299,"column":59}},"83":{"start":{"line":300,"column":8},"end":{"line":300,"column":20}},"84":{"start":{"line":312,"column":23},"end":{"line":312,"column":25}},"85":{"start":{"line":313,"column":24},"end":{"line":313,"column":41}},"86":{"start":{"line":315,"column":29},"end":{"line":317,"column":25}},"87":{"start":{"line":316,"column":25},"end":{"line":316,"column":77}},"88":{"start":{"line":319,"column":32},"end":{"line":321,"column":9}},"89":{"start":{"line":323,"column":8},"end":{"line":326,"column":10}},"90":{"start":{"line":341,"column":8},"end":{"line":346,"column":9}},"91":{"start":{"line":342,"column":26},"end":{"line":344,"column":32}},"92":{"start":{"line":343,"column":28},"end":{"line":343,"column":74}},"93":{"start":{"line":345,"column":12},"end":{"line":345,"column":71}},"94":{"start":{"line":348,"column":8},"end":{"line":353,"column":9}},"95":{"start":{"line":349,"column":26},"end":{"line":351,"column":32}},"96":{"start":{"line":350,"column":28},"end":{"line":350,"column":74}},"97":{"start":{"line":352,"column":12},"end":{"line":352,"column":72}},"98":{"start":{"line":356,"column":8},"end":{"line":358,"column":9}},"99":{"start":{"line":357,"column":12},"end":{"line":357,"column":86}},"100":{"start":{"line":360,"column":38},"end":{"line":360,"column":86}},"101":{"start":{"line":361,"column":8},"end":{"line":361,"column":52}},"102":{"start":{"line":362,"column":8},"end":{"line":362,"column":22}},"103":{"start":{"line":376,"column":24},"end":{"line":376,"column":26}},"104":{"start":{"line":377,"column":42},"end":{"line":377,"column":60}},"105":{"start":{"line":379,"column":8},"end":{"line":384,"column":9}},"106":{"start":{"line":380,"column":12},"end":{"line":383,"column":14}},"107":{"start":{"line":386,"column":8},"end":{"line":386,"column":111}},"108":{"start":{"line":387,"column":8},"end":{"line":387,"column":57}},"109":{"start":{"line":389,"column":8},"end":{"line":392,"column":9}},"110":{"start":{"line":390,"column":12},"end":{"line":390,"column":113}},"111":{"start":{"line":391,"column":12},"end":{"line":391,"column":59}},"112":{"start":{"line":394,"column":8},"end":{"line":394,"column":23}},"113":{"start":{"line":404,"column":26},"end":{"line":404,"column":38}},"114":{"start":{"line":405,"column":23},"end":{"line":405,"column":39}},"115":{"start":{"line":406,"column":23},"end":{"line":406,"column":59}},"116":{"start":{"line":408,"column":8},"end":{"line":410,"column":9}},"117":{"start":{"line":409,"column":12},"end":{"line":409,"column":89}},"118":{"start":{"line":412,"column":22},"end":{"line":412,"column":54}},"119":{"start":{"line":413,"column":8},"end":{"line":415,"column":9}},"120":{"start":{"line":414,"column":12},"end":{"line":414,"column":75}},"121":{"start":{"line":417,"column":8},"end":{"line":417,"column":84}},"122":{"start":{"line":430,"column":23},"end":{"line":430,"column":48}},"123":{"start":{"line":431,"column":8},"end":{"line":436,"column":9}},"124":{"start":{"line":432,"column":12},"end":{"line":435,"column":14}},"125":{"start":{"line":437,"column":8},"end":{"line":437,"column":22}},"126":{"start":{"line":449,"column":8},"end":{"line":458,"column":9}},"127":{"start":{"line":450,"column":12},"end":{"line":452,"column":13}},"128":{"start":{"line":451,"column":16},"end":{"line":451,"column":79}},"129":{"start":{"line":453,"column":12},"end":{"line":457,"column":13}},"130":{"start":{"line":454,"column":16},"end":{"line":456,"column":18}},"131":{"start":{"line":455,"column":20},"end":{"line":455,"column":89}},"132":{"start":{"line":459,"column":8},"end":{"line":459,"column":31}},"133":{"start":{"line":480,"column":8},"end":{"line":480,"column":28}},"134":{"start":{"line":480,"column":21},"end":{"line":480,"column":28}},"135":{"start":{"line":483,"column":24},"end":{"line":483,"column":28}},"136":{"start":{"line":484,"column":8},"end":{"line":492,"column":9}},"137":{"start":{"line":485,"column":27},"end":{"line":485,"column":45}},"138":{"start":{"line":486,"column":12},"end":{"line":488,"column":13}},"139":{"start":{"line":487,"column":16},"end":{"line":487,"column":35}},"140":{"start":{"line":491,"column":12},"end":{"line":491,"column":101}},"141":{"start":{"line":494,"column":8},"end":{"line":532,"column":9}},"142":{"start":{"line":496,"column":28},"end":{"line":496,"column":30}},"143":{"start":{"line":497,"column":32},"end":{"line":497,"column":34}},"144":{"start":{"line":499,"column":12},"end":{"line":523,"column":13}},"145":{"start":{"line":499,"column":25},"end":{"line":499,"column":26}},"146":{"start":{"line":500,"column":28},"end":{"line":500,"column":45}},"147":{"start":{"line":501,"column":34},"end":{"line":501,"column":70}},"148":{"start":{"line":502,"column":37},"end":{"line":503,"column":48}},"149":{"start":{"line":503,"column":31},"end":{"line":503,"column":47}},"150":{"start":{"line":504,"column":31},"end":{"line":504,"column":96}},"151":{"start":{"line":506,"column":28},"end":{"line":506,"column":42}},"152":{"start":{"line":507,"column":16},"end":{"line":515,"column":17}},"153":{"start":{"line":509,"column":20},"end":{"line":511,"column":23}},"154":{"start":{"line":512,"column":20},"end":{"line":512,"column":73}},"155":{"start":{"line":513,"column":20},"end":{"line":513,"column":89}},"156":{"start":{"line":514,"column":20},"end":{"line":514,"column":27}},"157":{"start":{"line":516,"column":16},"end":{"line":518,"column":17}},"158":{"start":{"line":517,"column":20},"end":{"line":517,"column":74}},"159":{"start":{"line":520,"column":16},"end":{"line":520,"column":34}},"160":{"start":{"line":521,"column":16},"end":{"line":521,"column":61}},"161":{"start":{"line":522,"column":16},"end":{"line":522,"column":42}},"162":{"start":{"line":525,"column":12},"end":{"line":527,"column":14}},"163":{"start":{"line":530,"column":12},"end":{"line":530,"column":65}},"164":{"start":{"line":531,"column":12},"end":{"line":531,"column":81}},"165":{"start":{"line":536,"column":0},"end":{"line":536,"column":51}}},"fnMap":{"0":{"name":"(anonymous_0)","decl":{"start":{"line":63,"column":4},"end":{"line":63,"column":5}},"loc":{"start":{"line":63,"column":57},"end":{"line":132,"column":5}},"line":63},"1":{"name":"(anonymous_1)","decl":{"start":{"line":139,"column":4},"end":{"line":139,"column":5}},"loc":{"start":{"line":139,"column":42},"end":{"line":167,"column":5}},"line":139},"2":{"name":"(anonymous_2)","decl":{"start":{"line":175,"column":4},"end":{"line":175,"column":5}},"loc":{"start":{"line":175,"column":56},"end":{"line":204,"column":5}},"line":175},"3":{"name":"(anonymous_3)","decl":{"start":{"line":209,"column":4},"end":{"line":209,"column":5}},"loc":{"start":{"line":209,"column":27},"end":{"line":211,"column":5}},"line":209},"4":{"name":"(anonymous_4)","decl":{"start":{"line":214,"column":4},"end":{"line":214,"column":5}},"loc":{"start":{"line":214,"column":28},"end":{"line":216,"column":5}},"line":214},"5":{"name":"(anonymous_5)","decl":{"start":{"line":219,"column":4},"end":{"line":219,"column":5}},"loc":{"start":{"line":219,"column":30},"end":{"line":221,"column":5}},"line":219},"6":{"name":"(anonymous_6)","decl":{"start":{"line":224,"column":4},"end":{"line":224,"column":5}},"loc":{"start":{"line":224,"column":30},"end":{"line":227,"column":5}},"line":224},"7":{"name":"(anonymous_7)","decl":{"start":{"line":230,"column":4},"end":{"line":230,"column":5}},"loc":{"start":{"line":230,"column":29},"end":{"line":232,"column":5}},"line":230},"8":{"name":"(anonymous_8)","decl":{"start":{"line":242,"column":4},"end":{"line":242,"column":5}},"loc":{"start":{"line":242,"column":50},"end":{"line":265,"column":5}},"line":242},"9":{"name":"(anonymous_9)","decl":{"start":{"line":247,"column":28},"end":{"line":247,"column":29}},"loc":{"start":{"line":247,"column":33},"end":{"line":247,"column":44}},"line":247},"10":{"name":"(anonymous_10)","decl":{"start":{"line":248,"column":25},"end":{"line":248,"column":26}},"loc":{"start":{"line":248,"column":30},"end":{"line":248,"column":41}},"line":248},"11":{"name":"(anonymous_11)","decl":{"start":{"line":268,"column":4},"end":{"line":268,"column":5}},"loc":{"start":{"line":268,"column":49},"end":{"line":293,"column":5}},"line":268},"12":{"name":"(anonymous_12)","decl":{"start":{"line":274,"column":16},"end":{"line":274,"column":17}},"loc":{"start":{"line":274,"column":21},"end":{"line":274,"column":97}},"line":274},"13":{"name":"(anonymous_13)","decl":{"start":{"line":277,"column":16},"end":{"line":277,"column":17}},"loc":{"start":{"line":277,"column":21},"end":{"line":277,"column":97}},"line":277},"14":{"name":"(anonymous_14)","decl":{"start":{"line":296,"column":4},"end":{"line":296,"column":5}},"loc":{"start":{"line":296,"column":36},"end":{"line":301,"column":5}},"line":296},"15":{"name":"(anonymous_15)","decl":{"start":{"line":311,"column":4},"end":{"line":311,"column":5}},"loc":{"start":{"line":311,"column":45},"end":{"line":327,"column":5}},"line":311},"16":{"name":"(anonymous_16)","decl":{"start":{"line":316,"column":12},"end":{"line":316,"column":13}},"loc":{"start":{"line":316,"column":25},"end":{"line":316,"column":77}},"line":316},"17":{"name":"(anonymous_17)","decl":{"start":{"line":340,"column":4},"end":{"line":340,"column":5}},"loc":{"start":{"line":340,"column":48},"end":{"line":363,"column":5}},"line":340},"18":{"name":"(anonymous_18)","decl":{"start":{"line":343,"column":21},"end":{"line":343,"column":22}},"loc":{"start":{"line":343,"column":28},"end":{"line":343,"column":74}},"line":343},"19":{"name":"(anonymous_19)","decl":{"start":{"line":350,"column":21},"end":{"line":350,"column":22}},"loc":{"start":{"line":350,"column":28},"end":{"line":350,"column":74}},"line":350},"20":{"name":"(anonymous_20)","decl":{"start":{"line":375,"column":4},"end":{"line":375,"column":5}},"loc":{"start":{"line":375,"column":73},"end":{"line":395,"column":5}},"line":375},"21":{"name":"(anonymous_21)","decl":{"start":{"line":403,"column":4},"end":{"line":403,"column":5}},"loc":{"start":{"line":403,"column":39},"end":{"line":418,"column":5}},"line":403},"22":{"name":"(anonymous_22)","decl":{"start":{"line":429,"column":4},"end":{"line":429,"column":5}},"loc":{"start":{"line":429,"column":27},"end":{"line":438,"column":5}},"line":429},"23":{"name":"(anonymous_23)","decl":{"start":{"line":448,"column":4},"end":{"line":448,"column":5}},"loc":{"start":{"line":448,"column":29},"end":{"line":460,"column":5}},"line":448},"24":{"name":"(anonymous_24)","decl":{"start":{"line":454,"column":43},"end":{"line":454,"column":44}},"loc":{"start":{"line":455,"column":20},"end":{"line":455,"column":89}},"line":455},"25":{"name":"(anonymous_25)","decl":{"start":{"line":479,"column":4},"end":{"line":479,"column":5}},"loc":{"start":{"line":479,"column":58},"end":{"line":533,"column":5}},"line":479},"26":{"name":"(anonymous_26)","decl":{"start":{"line":503,"column":26},"end":{"line":503,"column":27}},"loc":{"start":{"line":503,"column":31},"end":{"line":503,"column":47}},"line":503}},"branchMap":{"0":{"loc":{"start":{"line":63,"column":43},"end":{"line":63,"column":55}},"type":"default-arg","locations":[{"start":{"line":63,"column":53},"end":{"line":63,"column":55}}],"line":63},"1":{"loc":{"start":{"line":64,"column":22},"end":{"line":64,"column":52}},"type":"binary-expr","locations":[{"start":{"line":64,"column":22},"end":{"line":64,"column":35}},{"start":{"line":64,"column":39},"end":{"line":64,"column":52}}],"line":64},"2":{"loc":{"start":{"line":65,"column":21},"end":{"line":65,"column":38}},"type":"binary-expr","locations":[{"start":{"line":65,"column":21},"end":{"line":65,"column":33}},{"start":{"line":65,"column":37},"end":{"line":65,"column":38}}],"line":65},"3":{"loc":{"start":{"line":70,"column":8},"end":{"line":72,"column":9}},"type":"if","locations":[{"start":{"line":70,"column":8},"end":{"line":72,"column":9}},{"start":{},"end":{}}],"line":70},"4":{"loc":{"start":{"line":75,"column":8},"end":{"line":122,"column":9}},"type":"if","locations":[{"start":{"line":75,"column":8},"end":{"line":122,"column":9}},{"start":{"line":106,"column":15},"end":{"line":122,"column":9}}],"line":75},"5":{"loc":{"start":{"line":101,"column":12},"end":{"line":103,"column":13}},"type":"if","locations":[{"start":{"line":101,"column":12},"end":{"line":103,"column":13}},{"start":{},"end":{}}],"line":101},"6":{"loc":{"start":{"line":117,"column":12},"end":{"line":119,"column":13}},"type":"if","locations":[{"start":{"line":117,"column":12},"end":{"line":119,"column":13}},{"start":{},"end":{}}],"line":117},"7":{"loc":{"start":{"line":144,"column":8},"end":{"line":165,"column":9}},"type":"if","locations":[{"start":{"line":144,"column":8},"end":{"line":165,"column":9}},{"start":{"line":157,"column":15},"end":{"line":165,"column":9}}],"line":144},"8":{"loc":{"start":{"line":181,"column":12},"end":{"line":181,"column":67}},"type":"binary-expr","locations":[{"start":{"line":181,"column":12},"end":{"line":181,"column":30}},{"start":{"line":181,"column":34},"end":{"line":181,"column":67}}],"line":181},"9":{"loc":{"start":{"line":195,"column":8},"end":{"line":198,"column":9}},"type":"if","locations":[{"start":{"line":195,"column":8},"end":{"line":198,"column":9}},{"start":{},"end":{}}],"line":195},"10":{"loc":{"start":{"line":225,"column":8},"end":{"line":225,"column":49}},"type":"if","locations":[{"start":{"line":225,"column":8},"end":{"line":225,"column":49}},{"start":{},"end":{}}],"line":225},"11":{"loc":{"start":{"line":244,"column":8},"end":{"line":259,"column":9}},"type":"if","locations":[{"start":{"line":244,"column":8},"end":{"line":259,"column":9}},{"start":{},"end":{}}],"line":244},"12":{"loc":{"start":{"line":244,"column":12},"end":{"line":244,"column":71}},"type":"binary-expr","locations":[{"start":{"line":244,"column":12},"end":{"line":244,"column":34}},{"start":{"line":244,"column":38},"end":{"line":244,"column":71}}],"line":244},"13":{"loc":{"start":{"line":252,"column":16},"end":{"line":257,"column":17}},"type":"if","locations":[{"start":{"line":252,"column":16},"end":{"line":257,"column":17}},{"start":{},"end":{}}],"line":252},"14":{"loc":{"start":{"line":262,"column":8},"end":{"line":264,"column":9}},"type":"if","locations":[{"start":{"line":262,"column":8},"end":{"line":264,"column":9}},{"start":{},"end":{}}],"line":262},"15":{"loc":{"start":{"line":271,"column":12},"end":{"line":271,"column":54}},"type":"if","locations":[{"start":{"line":271,"column":12},"end":{"line":271,"column":54}},{"start":{},"end":{}}],"line":271},"16":{"loc":{"start":{"line":274,"column":21},"end":{"line":274,"column":97}},"type":"binary-expr","locations":[{"start":{"line":274,"column":21},"end":{"line":274,"column":46}},{"start":{"line":274,"column":51},"end":{"line":274,"column":72}},{"start":{"line":274,"column":76},"end":{"line":274,"column":96}}],"line":274},"17":{"loc":{"start":{"line":277,"column":21},"end":{"line":277,"column":97}},"type":"binary-expr","locations":[{"start":{"line":277,"column":21},"end":{"line":277,"column":46}},{"start":{"line":277,"column":51},"end":{"line":277,"column":71}},{"start":{"line":277,"column":75},"end":{"line":277,"column":96}}],"line":277},"18":{"loc":{"start":{"line":280,"column":12},"end":{"line":291,"column":13}},"type":"if","locations":[{"start":{"line":280,"column":12},"end":{"line":291,"column":13}},{"start":{},"end":{}}],"line":280},"19":{"loc":{"start":{"line":280,"column":16},"end":{"line":280,"column":43}},"type":"binary-expr","locations":[{"start":{"line":280,"column":16},"end":{"line":280,"column":28}},{"start":{"line":280,"column":32},"end":{"line":280,"column":43}}],"line":280},"20":{"loc":{"start":{"line":285,"column":16},"end":{"line":290,"column":17}},"type":"if","locations":[{"start":{"line":285,"column":16},"end":{"line":290,"column":17}},{"start":{},"end":{}}],"line":285},"21":{"loc":{"start":{"line":341,"column":8},"end":{"line":346,"column":9}},"type":"if","locations":[{"start":{"line":341,"column":8},"end":{"line":346,"column":9}},{"start":{},"end":{}}],"line":341},"22":{"loc":{"start":{"line":341,"column":12},"end":{"line":341,"column":54}},"type":"binary-expr","locations":[{"start":{"line":341,"column":12},"end":{"line":341,"column":27}},{"start":{"line":341,"column":31},"end":{"line":341,"column":54}}],"line":341},"23":{"loc":{"start":{"line":345,"column":19},"end":{"line":345,"column":70}},"type":"cond-expr","locations":[{"start":{"line":345,"column":38},"end":{"line":345,"column":63}},{"start":{"line":345,"column":66},"end":{"line":345,"column":70}}],"line":345},"24":{"loc":{"start":{"line":348,"column":8},"end":{"line":353,"column":9}},"type":"if","locations":[{"start":{"line":348,"column":8},"end":{"line":353,"column":9}},{"start":{},"end":{}}],"line":348},"25":{"loc":{"start":{"line":348,"column":12},"end":{"line":348,"column":55}},"type":"binary-expr","locations":[{"start":{"line":348,"column":12},"end":{"line":348,"column":27}},{"start":{"line":348,"column":31},"end":{"line":348,"column":55}}],"line":348},"26":{"loc":{"start":{"line":352,"column":19},"end":{"line":352,"column":71}},"type":"cond-expr","locations":[{"start":{"line":352,"column":38},"end":{"line":352,"column":64}},{"start":{"line":352,"column":67},"end":{"line":352,"column":71}}],"line":352},"27":{"loc":{"start":{"line":356,"column":8},"end":{"line":358,"column":9}},"type":"if","locations":[{"start":{"line":356,"column":8},"end":{"line":358,"column":9}},{"start":{},"end":{}}],"line":356},"28":{"loc":{"start":{"line":379,"column":8},"end":{"line":384,"column":9}},"type":"if","locations":[{"start":{"line":379,"column":8},"end":{"line":384,"column":9}},{"start":{},"end":{}}],"line":379},"29":{"loc":{"start":{"line":379,"column":12},"end":{"line":379,"column":50}},"type":"binary-expr","locations":[{"start":{"line":379,"column":12},"end":{"line":379,"column":23}},{"start":{"line":379,"column":27},"end":{"line":379,"column":50}}],"line":379},"30":{"loc":{"start":{"line":389,"column":8},"end":{"line":392,"column":9}},"type":"if","locations":[{"start":{"line":389,"column":8},"end":{"line":392,"column":9}},{"start":{},"end":{}}],"line":389},"31":{"loc":{"start":{"line":408,"column":8},"end":{"line":410,"column":9}},"type":"if","locations":[{"start":{"line":408,"column":8},"end":{"line":410,"column":9}},{"start":{},"end":{}}],"line":408},"32":{"loc":{"start":{"line":413,"column":8},"end":{"line":415,"column":9}},"type":"if","locations":[{"start":{"line":413,"column":8},"end":{"line":415,"column":9}},{"start":{},"end":{}}],"line":413},"33":{"loc":{"start":{"line":431,"column":8},"end":{"line":436,"column":9}},"type":"if","locations":[{"start":{"line":431,"column":8},"end":{"line":436,"column":9}},{"start":{},"end":{}}],"line":431},"34":{"loc":{"start":{"line":449,"column":8},"end":{"line":458,"column":9}},"type":"if","locations":[{"start":{"line":449,"column":8},"end":{"line":458,"column":9}},{"start":{},"end":{}}],"line":449},"35":{"loc":{"start":{"line":450,"column":12},"end":{"line":452,"column":13}},"type":"if","locations":[{"start":{"line":450,"column":12},"end":{"line":452,"column":13}},{"start":{},"end":{}}],"line":450},"36":{"loc":{"start":{"line":453,"column":12},"end":{"line":457,"column":13}},"type":"if","locations":[{"start":{"line":453,"column":12},"end":{"line":457,"column":13}},{"start":{},"end":{}}],"line":453},"37":{"loc":{"start":{"line":455,"column":20},"end":{"line":455,"column":89}},"type":"cond-expr","locations":[{"start":{"line":455,"column":44},"end":{"line":455,"column":85}},{"start":{"line":455,"column":88},"end":{"line":455,"column":89}}],"line":455},"38":{"loc":{"start":{"line":480,"column":8},"end":{"line":480,"column":28}},"type":"if","locations":[{"start":{"line":480,"column":8},"end":{"line":480,"column":28}},{"start":{},"end":{}}],"line":480},"39":{"loc":{"start":{"line":486,"column":12},"end":{"line":488,"column":13}},"type":"if","locations":[{"start":{"line":486,"column":12},"end":{"line":488,"column":13}},{"start":{},"end":{}}],"line":486},"40":{"loc":{"start":{"line":486,"column":16},"end":{"line":486,"column":78}},"type":"binary-expr","locations":[{"start":{"line":486,"column":16},"end":{"line":486,"column":22}},{"start":{"line":486,"column":26},"end":{"line":486,"column":52}},{"start":{"line":486,"column":56},"end":{"line":486,"column":78}}],"line":486},"41":{"loc":{"start":{"line":494,"column":8},"end":{"line":532,"column":9}},"type":"if","locations":[{"start":{"line":494,"column":8},"end":{"line":532,"column":9}},{"start":{"line":528,"column":15},"end":{"line":532,"column":9}}],"line":494},"42":{"loc":{"start":{"line":502,"column":51},"end":{"line":502,"column":77}},"type":"binary-expr","locations":[{"start":{"line":502,"column":51},"end":{"line":502,"column":71}},{"start":{"line":502,"column":75},"end":{"line":502,"column":77}}],"line":502},"43":{"loc":{"start":{"line":504,"column":31},"end":{"line":504,"column":96}},"type":"cond-expr","locations":[{"start":{"line":504,"column":46},"end":{"line":504,"column":85}},{"start":{"line":504,"column":88},"end":{"line":504,"column":96}}],"line":504},"44":{"loc":{"start":{"line":507,"column":16},"end":{"line":515,"column":17}},"type":"if","locations":[{"start":{"line":507,"column":16},"end":{"line":515,"column":17}},{"start":{},"end":{}}],"line":507},"45":{"loc":{"start":{"line":507,"column":20},"end":{"line":507,"column":57}},"type":"binary-expr","locations":[{"start":{"line":507,"column":20},"end":{"line":507,"column":39}},{"start":{"line":507,"column":43},"end":{"line":507,"column":57}}],"line":507},"46":{"loc":{"start":{"line":516,"column":16},"end":{"line":518,"column":17}},"type":"if","locations":[{"start":{"line":516,"column":16},"end":{"line":518,"column":17}},{"start":{},"end":{}}],"line":516},"47":{"loc":{"start":{"line":516,"column":20},"end":{"line":516,"column":97}},"type":"binary-expr","locations":[{"start":{"line":516,"column":20},"end":{"line":516,"column":32}},{"start":{"line":516,"column":36},"end":{"line":516,"column":68}},{"start":{"line":516,"column":72},"end":{"line":516,"column":97}}],"line":516}},"s":{"0":4,"1":4,"2":4,"3":4,"4":4,"5":4,"6":4,"7":4,"8":4,"9":4,"10":17,"11":17,"12":17,"13":17,"14":17,"15":17,"16":0,"17":17,"18":17,"19":17,"20":17,"21":17,"22":17,"23":0,"24":17,"25":0,"26":0,"27":0,"28":0,"29":0,"30":17,"31":17,"32":3,"33":3,"34":3,"35":3,"36":3,"37":0,"38":0,"39":3,"40":3,"41":3,"42":3,"43":3,"44":3,"45":3,"46":3,"47":3,"48":3,"49":3,"50":3,"51":20,"52":23,"53":20,"54":40,"55":14,"56":26,"57":37,"58":24,"59":24,"60":92,"61":92,"62":24,"63":69,"64":3,"65":21,"66":21,"67":21,"68":181,"69":140,"70":41,"71":143,"72":41,"73":164,"74":41,"75":21,"76":21,"77":21,"78":21,"79":1,"80":4,"81":4,"82":4,"83":4,"84":20,"85":20,"86":20,"87":80,"88":20,"89":20,"90":80,"91":0,"92":0,"93":0,"94":80,"95":0,"96":0,"97":0,"98":80,"99":0,"100":80,"101":80,"102":80,"103":23,"104":23,"105":23,"106":0,"107":23,"108":23,"109":23,"110":0,"111":0,"112":23,"113":80,"114":80,"115":80,"116":80,"117":0,"118":80,"119":80,"120":0,"121":80,"122":86,"123":86,"124":0,"125":86,"126":80,"127":40,"128":40,"129":0,"130":0,"131":0,"132":40,"133":17,"134":14,"135":3,"136":3,"137":3,"138":2,"139":2,"140":1,"141":3,"142":2,"143":2,"144":2,"145":2,"146":8,"147":8,"148":8,"149":36,"150":8,"151":8,"152":8,"153":0,"154":0,"155":0,"156":0,"157":8,"158":2,"159":8,"160":8,"161":8,"162":2,"163":1,"164":1,"165":4},"f":{"0":17,"1":3,"2":3,"3":20,"4":23,"5":20,"6":40,"7":37,"8":24,"9":92,"10":92,"11":21,"12":143,"13":164,"14":4,"15":20,"16":80,"17":80,"18":0,"19":0,"20":23,"21":80,"22":86,"23":80,"24":0,"25":17,"26":36},"b":{"0":[0],"1":[17,0],"2":[17,17],"3":[0,17],"4":[17,0],"5":[0,17],"6":[0,0],"7":[3,0],"8":[3,0],"9":[3,0],"10":[14,26],"11":[24,0],"12":[24,24],"13":[3,66],"14":[21,0],"15":[140,41],"16":[143,21,0],"17":[164,42,21],"18":[21,20],"19":[41,21],"20":[1,20],"21":[0,80],"22":[80,0],"23":[0,0],"24":[0,80],"25":[80,0],"26":[0,0],"27":[0,80],"28":[0,23],"29":[23,23],"30":[0,23],"31":[0,80],"32":[0,80],"33":[0,86],"34":[40,40],"35":[40,0],"36":[0,0],"37":[0,0],"38":[14,3],"39":[2,0],"40":[2,2,2],"41":[2,1],"42":[8,0],"43":[6,2],"44":[0,8],"45":[8,8],"46":[2,6],"47":[8,6,2]},"_coverageSchema":"1a1c01bbd47fc00a2c39e90264f33305004495a9","hash":"5cc5575fee08c755878d8bd1fd33b4be5c58f957"}
,"/Users/billfield/dev/fhir-server/src/dataLayer/clickHouse/genericClickHouseQueryParser.js": {"path":"/Users/billfield/dev/fhir-server/src/dataLayer/clickHouse/genericClickHouseQueryParser.js","statementMap":{"0":{"start":{"line":3,"column":30},"end":{"line":3,"column":72}},"1":{"start":{"line":4,"column":33},"end":{"line":4,"column":78}},"2":{"start":{"line":28,"column":32},"end":{"line":28,"column":34}},"3":{"start":{"line":29,"column":35},"end":{"line":29,"column":72}},"4":{"start":{"line":30,"column":33},"end":{"line":30,"column":74}},"5":{"start":{"line":31,"column":29},"end":{"line":31,"column":71}},"6":{"start":{"line":33,"column":8},"end":{"line":33,"column":90}},"7":{"start":{"line":35,"column":8},"end":{"line":40,"column":11}},"8":{"start":{"line":42,"column":8},"end":{"line":46,"column":10}},"9":{"start":{"line":66,"column":8},"end":{"line":68,"column":9}},"10":{"start":{"line":67,"column":12},"end":{"line":67,"column":19}},"11":{"start":{"line":70,"column":8},"end":{"line":140,"column":9}},"12":{"start":{"line":72,"column":12},"end":{"line":77,"column":13}},"13":{"start":{"line":73,"column":16},"end":{"line":75,"column":17}},"14":{"start":{"line":74,"column":20},"end":{"line":74,"column":84}},"15":{"start":{"line":76,"column":16},"end":{"line":76,"column":25}},"16":{"start":{"line":80,"column":12},"end":{"line":95,"column":13}},"17":{"start":{"line":81,"column":35},"end":{"line":81,"column":37}},"18":{"start":{"line":82,"column":16},"end":{"line":90,"column":17}},"19":{"start":{"line":83,"column":39},"end":{"line":83,"column":41}},"20":{"start":{"line":84,"column":20},"end":{"line":84,"column":87}},"21":{"start":{"line":85,"column":20},"end":{"line":89,"column":21}},"22":{"start":{"line":86,"column":24},"end":{"line":86,"column":55}},"23":{"start":{"line":87,"column":27},"end":{"line":89,"column":21}},"24":{"start":{"line":88,"column":24},"end":{"line":88,"column":86}},"25":{"start":{"line":91,"column":16},"end":{"line":93,"column":17}},"26":{"start":{"line":92,"column":20},"end":{"line":92,"column":78}},"27":{"start":{"line":94,"column":16},"end":{"line":94,"column":25}},"28":{"start":{"line":98,"column":12},"end":{"line":100,"column":13}},"29":{"start":{"line":99,"column":16},"end":{"line":99,"column":25}},"30":{"start":{"line":103,"column":12},"end":{"line":105,"column":13}},"31":{"start":{"line":104,"column":16},"end":{"line":104,"column":25}},"32":{"start":{"line":108,"column":28},"end":{"line":108,"column":46}},"33":{"start":{"line":109,"column":12},"end":{"line":114,"column":13}},"34":{"start":{"line":110,"column":16},"end":{"line":112,"column":19}},"35":{"start":{"line":113,"column":16},"end":{"line":113,"column":25}},"36":{"start":{"line":117,"column":12},"end":{"line":139,"column":13}},"37":{"start":{"line":119,"column":16},"end":{"line":129,"column":17}},"38":{"start":{"line":120,"column":20},"end":{"line":128,"column":21}},"39":{"start":{"line":121,"column":24},"end":{"line":127,"column":27}},"40":{"start":{"line":132,"column":16},"end":{"line":138,"column":19}},"41":{"start":{"line":152,"column":23},"end":{"line":152,"column":56}},"42":{"start":{"line":154,"column":33},"end":{"line":176,"column":9}},"43":{"start":{"line":155,"column":12},"end":{"line":155,"column":56}},"44":{"start":{"line":155,"column":49},"end":{"line":155,"column":56}},"45":{"start":{"line":157,"column":12},"end":{"line":165,"column":13}},"46":{"start":{"line":158,"column":34},"end":{"line":158,"column":65}},"47":{"start":{"line":159,"column":30},"end":{"line":159,"column":72}},"48":{"start":{"line":160,"column":16},"end":{"line":164,"column":17}},"49":{"start":{"line":161,"column":20},"end":{"line":161,"column":53}},"50":{"start":{"line":162,"column":23},"end":{"line":164,"column":17}},"51":{"start":{"line":163,"column":20},"end":{"line":163,"column":52}},"52":{"start":{"line":168,"column":12},"end":{"line":172,"column":13}},"53":{"start":{"line":169,"column":16},"end":{"line":171,"column":17}},"54":{"start":{"line":170,"column":20},"end":{"line":170,"column":77}},"55":{"start":{"line":174,"column":12},"end":{"line":174,"column":88}},"56":{"start":{"line":174,"column":53},"end":{"line":174,"column":88}},"57":{"start":{"line":175,"column":12},"end":{"line":175,"column":85}},"58":{"start":{"line":175,"column":51},"end":{"line":175,"column":85}},"59":{"start":{"line":178,"column":8},"end":{"line":178,"column":32}},"60":{"start":{"line":179,"column":8},"end":{"line":179,"column":60}},"61":{"start":{"line":180,"column":8},"end":{"line":180,"column":58}},"62":{"start":{"line":181,"column":8},"end":{"line":181,"column":22}},"63":{"start":{"line":190,"column":8},"end":{"line":190,"column":53}},"64":{"start":{"line":190,"column":43},"end":{"line":190,"column":53}},"65":{"start":{"line":191,"column":8},"end":{"line":191,"column":72}},"66":{"start":{"line":191,"column":48},"end":{"line":191,"column":72}},"67":{"start":{"line":192,"column":8},"end":{"line":192,"column":95}},"68":{"start":{"line":192,"column":69},"end":{"line":192,"column":95}},"69":{"start":{"line":193,"column":8},"end":{"line":193,"column":60}},"70":{"start":{"line":193,"column":32},"end":{"line":193,"column":60}},"71":{"start":{"line":194,"column":8},"end":{"line":194,"column":18}},"72":{"start":{"line":203,"column":8},"end":{"line":203,"column":53}},"73":{"start":{"line":203,"column":30},"end":{"line":203,"column":53}},"74":{"start":{"line":204,"column":8},"end":{"line":208,"column":9}},"75":{"start":{"line":205,"column":12},"end":{"line":207,"column":13}},"76":{"start":{"line":206,"column":16},"end":{"line":206,"column":69}},"77":{"start":{"line":206,"column":42},"end":{"line":206,"column":69}},"78":{"start":{"line":209,"column":8},"end":{"line":209,"column":20}},"79":{"start":{"line":218,"column":24},"end":{"line":218,"column":36}},"80":{"start":{"line":219,"column":8},"end":{"line":219,"column":29}},"81":{"start":{"line":220,"column":8},"end":{"line":228,"column":9}},"82":{"start":{"line":221,"column":12},"end":{"line":221,"column":78}},"83":{"start":{"line":221,"column":52},"end":{"line":221,"column":76}},"84":{"start":{"line":222,"column":12},"end":{"line":227,"column":13}},"85":{"start":{"line":223,"column":16},"end":{"line":223,"column":36}},"86":{"start":{"line":224,"column":19},"end":{"line":227,"column":13}},"87":{"start":{"line":225,"column":16},"end":{"line":225,"column":56}},"88":{"start":{"line":226,"column":16},"end":{"line":226,"column":36}},"89":{"start":{"line":229,"column":8},"end":{"line":229,"column":23}},"90":{"start":{"line":233,"column":0},"end":{"line":233,"column":50}}},"fnMap":{"0":{"name":"(anonymous_0)","decl":{"start":{"line":27,"column":4},"end":{"line":27,"column":5}},"loc":{"start":{"line":27,"column":31},"end":{"line":47,"column":5}},"line":27},"1":{"name":"(anonymous_1)","decl":{"start":{"line":65,"column":4},"end":{"line":65,"column":5}},"loc":{"start":{"line":65,"column":60},"end":{"line":141,"column":5}},"line":65},"2":{"name":"(anonymous_2)","decl":{"start":{"line":151,"column":4},"end":{"line":151,"column":5}},"loc":{"start":{"line":151,"column":33},"end":{"line":182,"column":5}},"line":151},"3":{"name":"(anonymous_3)","decl":{"start":{"line":154,"column":33},"end":{"line":154,"column":34}},"loc":{"start":{"line":154,"column":42},"end":{"line":176,"column":9}},"line":154},"4":{"name":"(anonymous_4)","decl":{"start":{"line":189,"column":4},"end":{"line":189,"column":5}},"loc":{"start":{"line":189,"column":43},"end":{"line":195,"column":5}},"line":189},"5":{"name":"(anonymous_5)","decl":{"start":{"line":202,"column":4},"end":{"line":202,"column":5}},"loc":{"start":{"line":202,"column":37},"end":{"line":210,"column":5}},"line":202},"6":{"name":"(anonymous_6)","decl":{"start":{"line":217,"column":4},"end":{"line":217,"column":5}},"loc":{"start":{"line":217,"column":38},"end":{"line":230,"column":5}},"line":217},"7":{"name":"(anonymous_7)","decl":{"start":{"line":221,"column":47},"end":{"line":221,"column":48}},"loc":{"start":{"line":221,"column":52},"end":{"line":221,"column":76}},"line":221}},"branchMap":{"0":{"loc":{"start":{"line":66,"column":8},"end":{"line":68,"column":9}},"type":"if","locations":[{"start":{"line":66,"column":8},"end":{"line":68,"column":9}},{"start":{},"end":{}}],"line":66},"1":{"loc":{"start":{"line":66,"column":12},"end":{"line":66,"column":47}},"type":"binary-expr","locations":[{"start":{"line":66,"column":12},"end":{"line":66,"column":18}},{"start":{"line":66,"column":22},"end":{"line":66,"column":47}}],"line":66},"2":{"loc":{"start":{"line":72,"column":12},"end":{"line":77,"column":13}},"type":"if","locations":[{"start":{"line":72,"column":12},"end":{"line":77,"column":13}},{"start":{},"end":{}}],"line":72},"3":{"loc":{"start":{"line":72,"column":16},"end":{"line":72,"column":54}},"type":"binary-expr","locations":[{"start":{"line":72,"column":16},"end":{"line":72,"column":30}},{"start":{"line":72,"column":34},"end":{"line":72,"column":54}}],"line":72},"4":{"loc":{"start":{"line":80,"column":12},"end":{"line":95,"column":13}},"type":"if","locations":[{"start":{"line":80,"column":12},"end":{"line":95,"column":13}},{"start":{},"end":{}}],"line":80},"5":{"loc":{"start":{"line":80,"column":16},"end":{"line":80,"column":53}},"type":"binary-expr","locations":[{"start":{"line":80,"column":16},"end":{"line":80,"column":29}},{"start":{"line":80,"column":33},"end":{"line":80,"column":53}}],"line":80},"6":{"loc":{"start":{"line":85,"column":20},"end":{"line":89,"column":21}},"type":"if","locations":[{"start":{"line":85,"column":20},"end":{"line":89,"column":21}},{"start":{"line":87,"column":27},"end":{"line":89,"column":21}}],"line":85},"7":{"loc":{"start":{"line":87,"column":27},"end":{"line":89,"column":21}},"type":"if","locations":[{"start":{"line":87,"column":27},"end":{"line":89,"column":21}},{"start":{},"end":{}}],"line":87},"8":{"loc":{"start":{"line":91,"column":16},"end":{"line":93,"column":17}},"type":"if","locations":[{"start":{"line":91,"column":16},"end":{"line":93,"column":17}},{"start":{},"end":{}}],"line":91},"9":{"loc":{"start":{"line":98,"column":12},"end":{"line":100,"column":13}},"type":"if","locations":[{"start":{"line":98,"column":12},"end":{"line":100,"column":13}},{"start":{},"end":{}}],"line":98},"10":{"loc":{"start":{"line":103,"column":12},"end":{"line":105,"column":13}},"type":"if","locations":[{"start":{"line":103,"column":12},"end":{"line":105,"column":13}},{"start":{},"end":{}}],"line":103},"11":{"loc":{"start":{"line":109,"column":12},"end":{"line":114,"column":13}},"type":"if","locations":[{"start":{"line":109,"column":12},"end":{"line":114,"column":13}},{"start":{},"end":{}}],"line":109},"12":{"loc":{"start":{"line":117,"column":12},"end":{"line":139,"column":13}},"type":"if","locations":[{"start":{"line":117,"column":12},"end":{"line":139,"column":13}},{"start":{"line":130,"column":19},"end":{"line":139,"column":13}}],"line":117},"13":{"loc":{"start":{"line":117,"column":16},"end":{"line":117,"column":84}},"type":"binary-expr","locations":[{"start":{"line":117,"column":16},"end":{"line":117,"column":30}},{"start":{"line":117,"column":34},"end":{"line":117,"column":59}},{"start":{"line":117,"column":63},"end":{"line":117,"column":84}}],"line":117},"14":{"loc":{"start":{"line":120,"column":20},"end":{"line":128,"column":21}},"type":"if","locations":[{"start":{"line":120,"column":20},"end":{"line":128,"column":21}},{"start":{},"end":{}}],"line":120},"15":{"loc":{"start":{"line":155,"column":12},"end":{"line":155,"column":56}},"type":"if","locations":[{"start":{"line":155,"column":12},"end":{"line":155,"column":56}},{"start":{},"end":{}}],"line":155},"16":{"loc":{"start":{"line":155,"column":16},"end":{"line":155,"column":47}},"type":"binary-expr","locations":[{"start":{"line":155,"column":16},"end":{"line":155,"column":20}},{"start":{"line":155,"column":24},"end":{"line":155,"column":47}}],"line":155},"17":{"loc":{"start":{"line":157,"column":12},"end":{"line":165,"column":13}},"type":"if","locations":[{"start":{"line":157,"column":12},"end":{"line":165,"column":13}},{"start":{},"end":{}}],"line":157},"18":{"loc":{"start":{"line":157,"column":16},"end":{"line":157,"column":71}},"type":"binary-expr","locations":[{"start":{"line":157,"column":16},"end":{"line":157,"column":36}},{"start":{"line":157,"column":40},"end":{"line":157,"column":71}}],"line":157},"19":{"loc":{"start":{"line":160,"column":16},"end":{"line":164,"column":17}},"type":"if","locations":[{"start":{"line":160,"column":16},"end":{"line":164,"column":17}},{"start":{"line":162,"column":23},"end":{"line":164,"column":17}}],"line":160},"20":{"loc":{"start":{"line":162,"column":23},"end":{"line":164,"column":17}},"type":"if","locations":[{"start":{"line":162,"column":23},"end":{"line":164,"column":17}},{"start":{},"end":{}}],"line":162},"21":{"loc":{"start":{"line":169,"column":16},"end":{"line":171,"column":17}},"type":"if","locations":[{"start":{"line":169,"column":16},"end":{"line":171,"column":17}},{"start":{},"end":{}}],"line":169},"22":{"loc":{"start":{"line":169,"column":20},"end":{"line":169,"column":64}},"type":"binary-expr","locations":[{"start":{"line":169,"column":20},"end":{"line":169,"column":46}},{"start":{"line":169,"column":50},"end":{"line":169,"column":64}}],"line":169},"23":{"loc":{"start":{"line":174,"column":12},"end":{"line":174,"column":88}},"type":"if","locations":[{"start":{"line":174,"column":12},"end":{"line":174,"column":88}},{"start":{},"end":{}}],"line":174},"24":{"loc":{"start":{"line":174,"column":16},"end":{"line":174,"column":51}},"type":"binary-expr","locations":[{"start":{"line":174,"column":16},"end":{"line":174,"column":24}},{"start":{"line":174,"column":28},"end":{"line":174,"column":51}}],"line":174},"25":{"loc":{"start":{"line":175,"column":12},"end":{"line":175,"column":85}},"type":"if","locations":[{"start":{"line":175,"column":12},"end":{"line":175,"column":85}},{"start":{},"end":{}}],"line":175},"26":{"loc":{"start":{"line":175,"column":16},"end":{"line":175,"column":49}},"type":"binary-expr","locations":[{"start":{"line":175,"column":16},"end":{"line":175,"column":23}},{"start":{"line":175,"column":27},"end":{"line":175,"column":49}}],"line":175},"27":{"loc":{"start":{"line":190,"column":8},"end":{"line":190,"column":53}},"type":"if","locations":[{"start":{"line":190,"column":8},"end":{"line":190,"column":53}},{"start":{},"end":{}}],"line":190},"28":{"loc":{"start":{"line":190,"column":12},"end":{"line":190,"column":41}},"type":"binary-expr","locations":[{"start":{"line":190,"column":12},"end":{"line":190,"column":22}},{"start":{"line":190,"column":26},"end":{"line":190,"column":41}}],"line":190},"29":{"loc":{"start":{"line":191,"column":8},"end":{"line":191,"column":72}},"type":"if","locations":[{"start":{"line":191,"column":8},"end":{"line":191,"column":72}},{"start":{},"end":{}}],"line":191},"30":{"loc":{"start":{"line":192,"column":8},"end":{"line":192,"column":95}},"type":"if","locations":[{"start":{"line":192,"column":8},"end":{"line":192,"column":95}},{"start":{},"end":{}}],"line":192},"31":{"loc":{"start":{"line":192,"column":12},"end":{"line":192,"column":67}},"type":"binary-expr","locations":[{"start":{"line":192,"column":12},"end":{"line":192,"column":30}},{"start":{"line":192,"column":34},"end":{"line":192,"column":67}}],"line":192},"32":{"loc":{"start":{"line":193,"column":8},"end":{"line":193,"column":60}},"type":"if","locations":[{"start":{"line":193,"column":8},"end":{"line":193,"column":60}},{"start":{},"end":{}}],"line":193},"33":{"loc":{"start":{"line":203,"column":8},"end":{"line":203,"column":53}},"type":"if","locations":[{"start":{"line":203,"column":8},"end":{"line":203,"column":53}},{"start":{},"end":{}}],"line":203},"34":{"loc":{"start":{"line":204,"column":8},"end":{"line":208,"column":9}},"type":"if","locations":[{"start":{"line":204,"column":8},"end":{"line":208,"column":9}},{"start":{},"end":{}}],"line":204},"35":{"loc":{"start":{"line":204,"column":12},"end":{"line":204,"column":51}},"type":"binary-expr","locations":[{"start":{"line":204,"column":12},"end":{"line":204,"column":22}},{"start":{"line":204,"column":26},"end":{"line":204,"column":51}}],"line":204},"36":{"loc":{"start":{"line":206,"column":16},"end":{"line":206,"column":69}},"type":"if","locations":[{"start":{"line":206,"column":16},"end":{"line":206,"column":69}},{"start":{},"end":{}}],"line":206},"37":{"loc":{"start":{"line":220,"column":8},"end":{"line":228,"column":9}},"type":"if","locations":[{"start":{"line":220,"column":8},"end":{"line":228,"column":9}},{"start":{},"end":{}}],"line":220},"38":{"loc":{"start":{"line":221,"column":52},"end":{"line":221,"column":76}},"type":"binary-expr","locations":[{"start":{"line":221,"column":52},"end":{"line":221,"column":60}},{"start":{"line":221,"column":64},"end":{"line":221,"column":76}}],"line":221},"39":{"loc":{"start":{"line":222,"column":12},"end":{"line":227,"column":13}},"type":"if","locations":[{"start":{"line":222,"column":12},"end":{"line":227,"column":13}},{"start":{"line":224,"column":19},"end":{"line":227,"column":13}}],"line":222},"40":{"loc":{"start":{"line":224,"column":19},"end":{"line":227,"column":13}},"type":"if","locations":[{"start":{"line":224,"column":19},"end":{"line":227,"column":13}},{"start":{},"end":{}}],"line":224}},"s":{"0":4,"1":4,"2":27,"3":27,"4":27,"5":27,"6":27,"7":27,"8":27,"9":27,"10":0,"11":27,"12":96,"13":0,"14":0,"15":0,"16":96,"17":0,"18":0,"19":0,"20":0,"21":0,"22":0,"23":0,"24":0,"25":0,"26":0,"27":0,"28":96,"29":27,"30":69,"31":0,"32":69,"33":69,"34":0,"35":0,"36":69,"37":23,"38":46,"39":46,"40":46,"41":27,"42":27,"43":27,"44":0,"45":27,"46":27,"47":27,"48":27,"49":27,"50":0,"51":0,"52":27,"53":99,"54":0,"55":27,"56":0,"57":27,"58":0,"59":27,"60":27,"61":27,"62":27,"63":27,"64":0,"65":27,"66":27,"67":0,"68":0,"69":0,"70":0,"71":0,"72":27,"73":3,"74":24,"75":0,"76":0,"77":0,"78":24,"79":27,"80":27,"81":27,"82":0,"83":0,"84":0,"85":0,"86":0,"87":0,"88":0,"89":27,"90":4},"f":{"0":27,"1":27,"2":27,"3":27,"4":27,"5":27,"6":27,"7":0},"b":{"0":[0,27],"1":[27,27],"2":[0,96],"3":[96,0],"4":[0,96],"5":[96,0],"6":[0,0],"7":[0,0],"8":[0,0],"9":[27,69],"10":[0,69],"11":[0,69],"12":[23,46],"13":[69,69,23],"14":[46,0],"15":[0,27],"16":[27,27],"17":[27,0],"18":[27,27],"19":[27,0],"20":[0,0],"21":[0,99],"22":[99,0],"23":[0,27],"24":[27,0],"25":[0,27],"26":[27,0],"27":[0,27],"28":[27,27],"29":[27,0],"30":[0,0],"31":[0,0],"32":[0,0],"33":[3,24],"34":[0,24],"35":[24,0],"36":[0,0],"37":[0,27],"38":[0,0],"39":[0,0],"40":[0,0]},"_coverageSchema":"1a1c01bbd47fc00a2c39e90264f33305004495a9","hash":"4465b77b1a01bf47f84d7e808bc1ca983059fe8a"}
,"/Users/billfield/dev/fhir-server/src/dataLayer/clickHouse/schemaRegistry.js": {"path":"/Users/billfield/dev/fhir-server/src/dataLayer/clickHouse/schemaRegistry.js","statementMap":{"0":{"start":{"line":3,"column":30},"end":{"line":3,"column":72}},"1":{"start":{"line":8,"column":4},"end":{"line":8,"column":50}},"2":{"start":{"line":25,"column":8},"end":{"line":25,"column":34}},"3":{"start":{"line":34,"column":8},"end":{"line":34,"column":51}},"4":{"start":{"line":35,"column":8},"end":{"line":35,"column":84}},"5":{"start":{"line":36,"column":8},"end":{"line":36,"column":95}},"6":{"start":{"line":45,"column":23},"end":{"line":45,"column":54}},"7":{"start":{"line":46,"column":8},"end":{"line":48,"column":9}},"8":{"start":{"line":47,"column":12},"end":{"line":47,"column":96}},"9":{"start":{"line":49,"column":8},"end":{"line":49,"column":22}},"10":{"start":{"line":57,"column":8},"end":{"line":57,"column":47}},"11":{"start":{"line":64,"column":8},"end":{"line":64,"column":48}},"12":{"start":{"line":74,"column":23},"end":{"line":74,"column":25}},"13":{"start":{"line":77,"column":35},"end":{"line":77,"column":85}},"14":{"start":{"line":78,"column":8},"end":{"line":80,"column":9}},"15":{"start":{"line":79,"column":12},"end":{"line":79,"column":107}},"16":{"start":{"line":83,"column":29},"end":{"line":83,"column":56}},"17":{"start":{"line":84,"column":8},"end":{"line":86,"column":9}},"18":{"start":{"line":85,"column":12},"end":{"line":85,"column":77}},"19":{"start":{"line":89,"column":36},"end":{"line":89,"column":62}},"20":{"start":{"line":90,"column":8},"end":{"line":110,"column":9}},"21":{"start":{"line":91,"column":12},"end":{"line":93,"column":13}},"22":{"start":{"line":92,"column":16},"end":{"line":92,"column":99}},"23":{"start":{"line":94,"column":12},"end":{"line":102,"column":13}},"24":{"start":{"line":95,"column":16},"end":{"line":95,"column":92}},"25":{"start":{"line":97,"column":16},"end":{"line":101,"column":17}},"26":{"start":{"line":98,"column":20},"end":{"line":100,"column":21}},"27":{"start":{"line":99,"column":24},"end":{"line":99,"column":101}},"28":{"start":{"line":103,"column":15},"end":{"line":110,"column":9}},"29":{"start":{"line":104,"column":12},"end":{"line":106,"column":13}},"30":{"start":{"line":105,"column":16},"end":{"line":105,"column":90}},"31":{"start":{"line":107,"column":12},"end":{"line":109,"column":13}},"32":{"start":{"line":108,"column":16},"end":{"line":108,"column":85}},"33":{"start":{"line":113,"column":8},"end":{"line":121,"column":9}},"34":{"start":{"line":114,"column":12},"end":{"line":114,"column":61}},"35":{"start":{"line":116,"column":12},"end":{"line":120,"column":13}},"36":{"start":{"line":117,"column":16},"end":{"line":119,"column":17}},"37":{"start":{"line":118,"column":20},"end":{"line":118,"column":96}},"38":{"start":{"line":124,"column":8},"end":{"line":126,"column":9}},"39":{"start":{"line":125,"column":12},"end":{"line":125,"column":110}},"40":{"start":{"line":129,"column":33},"end":{"line":129,"column":69}},"41":{"start":{"line":130,"column":8},"end":{"line":132,"column":9}},"42":{"start":{"line":131,"column":12},"end":{"line":131,"column":97}},"43":{"start":{"line":135,"column":8},"end":{"line":147,"column":9}},"44":{"start":{"line":140,"column":12},"end":{"line":140,"column":106}},"45":{"start":{"line":142,"column":12},"end":{"line":146,"column":13}},"46":{"start":{"line":143,"column":16},"end":{"line":145,"column":17}},"47":{"start":{"line":144,"column":20},"end":{"line":144,"column":112}},"48":{"start":{"line":150,"column":8},"end":{"line":158,"column":9}},"49":{"start":{"line":151,"column":12},"end":{"line":151,"column":59}},"50":{"start":{"line":153,"column":12},"end":{"line":157,"column":13}},"51":{"start":{"line":154,"column":16},"end":{"line":156,"column":17}},"52":{"start":{"line":155,"column":20},"end":{"line":155,"column":104}},"53":{"start":{"line":161,"column":8},"end":{"line":167,"column":9}},"54":{"start":{"line":162,"column":12},"end":{"line":166,"column":13}},"55":{"start":{"line":163,"column":16},"end":{"line":165,"column":17}},"56":{"start":{"line":164,"column":20},"end":{"line":164,"column":89}},"57":{"start":{"line":170,"column":32},"end":{"line":170,"column":63}},"58":{"start":{"line":171,"column":8},"end":{"line":173,"column":9}},"59":{"start":{"line":172,"column":12},"end":{"line":172,"column":87}},"60":{"start":{"line":176,"column":8},"end":{"line":178,"column":9}},"61":{"start":{"line":177,"column":12},"end":{"line":177,"column":80}},"62":{"start":{"line":180,"column":8},"end":{"line":184,"column":9}},"63":{"start":{"line":181,"column":24},"end":{"line":181,"column":93}},"64":{"start":{"line":182,"column":12},"end":{"line":182,"column":52}},"65":{"start":{"line":183,"column":12},"end":{"line":183,"column":33}},"66":{"start":{"line":188,"column":0},"end":{"line":188,"column":46}}},"fnMap":{"0":{"name":"(anonymous_0)","decl":{"start":{"line":21,"column":4},"end":{"line":21,"column":5}},"loc":{"start":{"line":21,"column":19},"end":{"line":26,"column":5}},"line":21},"1":{"name":"(anonymous_1)","decl":{"start":{"line":33,"column":4},"end":{"line":33,"column":5}},"loc":{"start":{"line":33,"column":42},"end":{"line":37,"column":5}},"line":33},"2":{"name":"(anonymous_2)","decl":{"start":{"line":44,"column":4},"end":{"line":44,"column":5}},"loc":{"start":{"line":44,"column":29},"end":{"line":50,"column":5}},"line":44},"3":{"name":"(anonymous_3)","decl":{"start":{"line":56,"column":4},"end":{"line":56,"column":5}},"loc":{"start":{"line":56,"column":29},"end":{"line":58,"column":5}},"line":56},"4":{"name":"(anonymous_4)","decl":{"start":{"line":63,"column":4},"end":{"line":63,"column":5}},"loc":{"start":{"line":63,"column":34},"end":{"line":65,"column":5}},"line":63},"5":{"name":"(anonymous_5)","decl":{"start":{"line":73,"column":4},"end":{"line":73,"column":5}},"loc":{"start":{"line":73,"column":43},"end":{"line":185,"column":5}},"line":73}},"branchMap":{"0":{"loc":{"start":{"line":46,"column":8},"end":{"line":48,"column":9}},"type":"if","locations":[{"start":{"line":46,"column":8},"end":{"line":48,"column":9}},{"start":{},"end":{}}],"line":46},"1":{"loc":{"start":{"line":78,"column":8},"end":{"line":80,"column":9}},"type":"if","locations":[{"start":{"line":78,"column":8},"end":{"line":80,"column":9}},{"start":{},"end":{}}],"line":78},"2":{"loc":{"start":{"line":78,"column":12},"end":{"line":78,"column":75}},"type":"binary-expr","locations":[{"start":{"line":78,"column":12},"end":{"line":78,"column":29}},{"start":{"line":78,"column":33},"end":{"line":78,"column":75}}],"line":78},"3":{"loc":{"start":{"line":84,"column":8},"end":{"line":86,"column":9}},"type":"if","locations":[{"start":{"line":84,"column":8},"end":{"line":86,"column":9}},{"start":{},"end":{}}],"line":84},"4":{"loc":{"start":{"line":90,"column":8},"end":{"line":110,"column":9}},"type":"if","locations":[{"start":{"line":90,"column":8},"end":{"line":110,"column":9}},{"start":{"line":103,"column":15},"end":{"line":110,"column":9}}],"line":90},"5":{"loc":{"start":{"line":91,"column":12},"end":{"line":93,"column":13}},"type":"if","locations":[{"start":{"line":91,"column":12},"end":{"line":93,"column":13}},{"start":{},"end":{}}],"line":91},"6":{"loc":{"start":{"line":91,"column":16},"end":{"line":91,"column":88}},"type":"binary-expr","locations":[{"start":{"line":91,"column":16},"end":{"line":91,"column":37}},{"start":{"line":91,"column":41},"end":{"line":91,"column":88}}],"line":91},"7":{"loc":{"start":{"line":94,"column":12},"end":{"line":102,"column":13}},"type":"if","locations":[{"start":{"line":94,"column":12},"end":{"line":102,"column":13}},{"start":{"line":96,"column":19},"end":{"line":102,"column":13}}],"line":94},"8":{"loc":{"start":{"line":94,"column":16},"end":{"line":94,"column":79}},"type":"binary-expr","locations":[{"start":{"line":94,"column":16},"end":{"line":94,"column":47}},{"start":{"line":94,"column":51},"end":{"line":94,"column":79}}],"line":94},"9":{"loc":{"start":{"line":98,"column":20},"end":{"line":100,"column":21}},"type":"if","locations":[{"start":{"line":98,"column":20},"end":{"line":100,"column":21}},{"start":{},"end":{}}],"line":98},"10":{"loc":{"start":{"line":103,"column":15},"end":{"line":110,"column":9}},"type":"if","locations":[{"start":{"line":103,"column":15},"end":{"line":110,"column":9}},{"start":{},"end":{}}],"line":103},"11":{"loc":{"start":{"line":104,"column":12},"end":{"line":106,"column":13}},"type":"if","locations":[{"start":{"line":104,"column":12},"end":{"line":106,"column":13}},{"start":{},"end":{}}],"line":104},"12":{"loc":{"start":{"line":104,"column":16},"end":{"line":104,"column":83}},"type":"binary-expr","locations":[{"start":{"line":104,"column":16},"end":{"line":104,"column":45}},{"start":{"line":104,"column":49},"end":{"line":104,"column":83}}],"line":104},"13":{"loc":{"start":{"line":107,"column":12},"end":{"line":109,"column":13}},"type":"if","locations":[{"start":{"line":107,"column":12},"end":{"line":109,"column":13}},{"start":{},"end":{}}],"line":107},"14":{"loc":{"start":{"line":107,"column":16},"end":{"line":107,"column":73}},"type":"binary-expr","locations":[{"start":{"line":107,"column":16},"end":{"line":107,"column":40}},{"start":{"line":107,"column":44},"end":{"line":107,"column":73}}],"line":107},"15":{"loc":{"start":{"line":113,"column":8},"end":{"line":121,"column":9}},"type":"if","locations":[{"start":{"line":113,"column":8},"end":{"line":121,"column":9}},{"start":{"line":115,"column":15},"end":{"line":121,"column":9}}],"line":113},"16":{"loc":{"start":{"line":113,"column":12},"end":{"line":113,"column":73}},"type":"binary-expr","locations":[{"start":{"line":113,"column":12},"end":{"line":113,"column":42}},{"start":{"line":113,"column":46},"end":{"line":113,"column":73}}],"line":113},"17":{"loc":{"start":{"line":117,"column":16},"end":{"line":119,"column":17}},"type":"if","locations":[{"start":{"line":117,"column":16},"end":{"line":119,"column":17}},{"start":{},"end":{}}],"line":117},"18":{"loc":{"start":{"line":124,"column":8},"end":{"line":126,"column":9}},"type":"if","locations":[{"start":{"line":124,"column":8},"end":{"line":126,"column":9}},{"start":{},"end":{}}],"line":124},"19":{"loc":{"start":{"line":124,"column":12},"end":{"line":124,"column":94}},"type":"binary-expr","locations":[{"start":{"line":124,"column":12},"end":{"line":124,"column":38}},{"start":{"line":124,"column":42},"end":{"line":124,"column":94}}],"line":124},"20":{"loc":{"start":{"line":130,"column":8},"end":{"line":132,"column":9}},"type":"if","locations":[{"start":{"line":130,"column":8},"end":{"line":132,"column":9}},{"start":{},"end":{}}],"line":130},"21":{"loc":{"start":{"line":135,"column":8},"end":{"line":147,"column":9}},"type":"if","locations":[{"start":{"line":135,"column":8},"end":{"line":147,"column":9}},{"start":{"line":141,"column":15},"end":{"line":147,"column":9}}],"line":135},"22":{"loc":{"start":{"line":135,"column":12},"end":{"line":139,"column":61}},"type":"binary-expr","locations":[{"start":{"line":135,"column":12},"end":{"line":135,"column":36}},{"start":{"line":136,"column":12},"end":{"line":136,"column":55}},{"start":{"line":137,"column":12},"end":{"line":137,"column":47}},{"start":{"line":138,"column":12},"end":{"line":138,"column":46}},{"start":{"line":139,"column":12},"end":{"line":139,"column":61}}],"line":135},"23":{"loc":{"start":{"line":143,"column":16},"end":{"line":145,"column":17}},"type":"if","locations":[{"start":{"line":143,"column":16},"end":{"line":145,"column":17}},{"start":{},"end":{}}],"line":143},"24":{"loc":{"start":{"line":150,"column":8},"end":{"line":158,"column":9}},"type":"if","locations":[{"start":{"line":150,"column":8},"end":{"line":158,"column":9}},{"start":{"line":152,"column":15},"end":{"line":158,"column":9}}],"line":150},"25":{"loc":{"start":{"line":150,"column":12},"end":{"line":150,"column":77}},"type":"binary-expr","locations":[{"start":{"line":150,"column":12},"end":{"line":150,"column":33}},{"start":{"line":150,"column":37},"end":{"line":150,"column":77}}],"line":150},"26":{"loc":{"start":{"line":154,"column":16},"end":{"line":156,"column":17}},"type":"if","locations":[{"start":{"line":154,"column":16},"end":{"line":156,"column":17}},{"start":{},"end":{}}],"line":154},"27":{"loc":{"start":{"line":154,"column":20},"end":{"line":154,"column":80}},"type":"binary-expr","locations":[{"start":{"line":154,"column":20},"end":{"line":154,"column":35}},{"start":{"line":154,"column":39},"end":{"line":154,"column":80}}],"line":154},"28":{"loc":{"start":{"line":161,"column":8},"end":{"line":167,"column":9}},"type":"if","locations":[{"start":{"line":161,"column":8},"end":{"line":167,"column":9}},{"start":{},"end":{}}],"line":161},"29":{"loc":{"start":{"line":161,"column":12},"end":{"line":161,"column":99}},"type":"binary-expr","locations":[{"start":{"line":161,"column":12},"end":{"line":161,"column":34}},{"start":{"line":161,"column":38},"end":{"line":161,"column":75}},{"start":{"line":161,"column":79},"end":{"line":161,"column":99}}],"line":161},"30":{"loc":{"start":{"line":163,"column":16},"end":{"line":165,"column":17}},"type":"if","locations":[{"start":{"line":163,"column":16},"end":{"line":165,"column":17}},{"start":{},"end":{}}],"line":163},"31":{"loc":{"start":{"line":171,"column":8},"end":{"line":173,"column":9}},"type":"if","locations":[{"start":{"line":171,"column":8},"end":{"line":173,"column":9}},{"start":{},"end":{}}],"line":171},"32":{"loc":{"start":{"line":176,"column":8},"end":{"line":178,"column":9}},"type":"if","locations":[{"start":{"line":176,"column":8},"end":{"line":178,"column":9}},{"start":{},"end":{}}],"line":176},"33":{"loc":{"start":{"line":176,"column":12},"end":{"line":176,"column":89}},"type":"binary-expr","locations":[{"start":{"line":176,"column":12},"end":{"line":176,"column":34}},{"start":{"line":176,"column":38},"end":{"line":176,"column":89}}],"line":176},"34":{"loc":{"start":{"line":180,"column":8},"end":{"line":184,"column":9}},"type":"if","locations":[{"start":{"line":180,"column":8},"end":{"line":184,"column":9}},{"start":{},"end":{}}],"line":180}},"s":{"0":4,"1":4,"2":8,"3":8,"4":8,"5":8,"6":55,"7":55,"8":0,"9":55,"10":4,"11":0,"12":8,"13":8,"14":8,"15":0,"16":8,"17":8,"18":0,"19":8,"20":8,"21":8,"22":0,"23":8,"24":0,"25":8,"26":24,"27":0,"28":0,"29":0,"30":0,"31":0,"32":0,"33":8,"34":0,"35":8,"36":32,"37":0,"38":8,"39":0,"40":8,"41":8,"42":0,"43":8,"44":0,"45":8,"46":24,"47":0,"48":8,"49":0,"50":8,"51":72,"52":0,"53":8,"54":8,"55":24,"56":0,"57":8,"58":8,"59":0,"60":8,"61":0,"62":8,"63":0,"64":0,"65":0,"66":4},"f":{"0":8,"1":8,"2":55,"3":4,"4":0,"5":8},"b":{"0":[0,55],"1":[0,8],"2":[8,8],"3":[0,8],"4":[8,0],"5":[0,8],"6":[8,8],"7":[0,8],"8":[8,8],"9":[0,24],"10":[0,0],"11":[0,0],"12":[0,0],"13":[0,0],"14":[0,0],"15":[0,8],"16":[8,8],"17":[0,32],"18":[0,8],"19":[8,8],"20":[0,8],"21":[0,8],"22":[8,8,8,8,8],"23":[0,24],"24":[0,8],"25":[8,8],"26":[0,72],"27":[72,72],"28":[8,0],"29":[8,8,8],"30":[0,24],"31":[0,8],"32":[0,8],"33":[8,8],"34":[0,8]},"_coverageSchema":"1a1c01bbd47fc00a2c39e90264f33305004495a9","hash":"1f6a8862f4c31fd0b422ffa63c8af12a04c7552c"}
,"/Users/billfield/dev/fhir-server/src/dataLayer/clickHouse/fieldExtractors/observationFieldExtractor.js": {"path":"/Users/billfield/dev/fhir-server/src/dataLayer/clickHouse/fieldExtractors/observationFieldExtractor.js","statementMap":{"0":{"start":{"line":3,"column":30},"end":{"line":3,"column":84}},"1":{"start":{"line":6,"column":21},"end":{"line":6,"column":39}},"2":{"start":{"line":7,"column":22},"end":{"line":7,"column":31}},"3":{"start":{"line":8,"column":22},"end":{"line":8,"column":30}},"4":{"start":{"line":9,"column":23},"end":{"line":9,"column":31}},"5":{"start":{"line":23,"column":21},"end":{"line":23,"column":40}},"6":{"start":{"line":24,"column":25},"end":{"line":24,"column":44}},"7":{"start":{"line":25,"column":23},"end":{"line":25,"column":58}},"8":{"start":{"line":26,"column":31},"end":{"line":26,"column":73}},"9":{"start":{"line":27,"column":21},"end":{"line":27,"column":84}},"10":{"start":{"line":29,"column":20},"end":{"line":59,"column":9}},"11":{"start":{"line":61,"column":8},"end":{"line":65,"column":9}},"12":{"start":{"line":62,"column":12},"end":{"line":62,"column":63}},"13":{"start":{"line":64,"column":12},"end":{"line":64,"column":68}},"14":{"start":{"line":67,"column":8},"end":{"line":67,"column":19}},"15":{"start":{"line":77,"column":8},"end":{"line":77,"column":35}},"16":{"start":{"line":77,"column":28},"end":{"line":77,"column":35}},"17":{"start":{"line":78,"column":8},"end":{"line":78,"column":92}},"18":{"start":{"line":79,"column":8},"end":{"line":79,"column":59}},"19":{"start":{"line":80,"column":8},"end":{"line":80,"column":59}},"20":{"start":{"line":92,"column":8},"end":{"line":92,"column":47}},"21":{"start":{"line":92,"column":40},"end":{"line":92,"column":47}},"22":{"start":{"line":94,"column":8},"end":{"line":109,"column":9}},"23":{"start":{"line":95,"column":12},"end":{"line":95,"column":56}},"24":{"start":{"line":95,"column":47},"end":{"line":95,"column":56}},"25":{"start":{"line":96,"column":36},"end":{"line":96,"column":72}},"26":{"start":{"line":97,"column":12},"end":{"line":97,"column":66}},"27":{"start":{"line":97,"column":57},"end":{"line":97,"column":66}},"28":{"start":{"line":98,"column":34},"end":{"line":98,"column":54}},"29":{"start":{"line":100,"column":12},"end":{"line":108,"column":13}},"30":{"start":{"line":101,"column":16},"end":{"line":103,"column":27}},"31":{"start":{"line":104,"column":19},"end":{"line":108,"column":13}},"32":{"start":{"line":105,"column":16},"end":{"line":107,"column":27}},"33":{"start":{"line":118,"column":23},"end":{"line":118,"column":51}},"34":{"start":{"line":119,"column":8},"end":{"line":122,"column":10}},"35":{"start":{"line":131,"column":23},"end":{"line":131,"column":54}},"36":{"start":{"line":132,"column":8},"end":{"line":132,"column":44}},"37":{"start":{"line":141,"column":8},"end":{"line":141,"column":33}},"38":{"start":{"line":141,"column":24},"end":{"line":141,"column":33}},"39":{"start":{"line":142,"column":23},"end":{"line":142,"column":46}},"40":{"start":{"line":143,"column":8},"end":{"line":143,"column":42}},"41":{"start":{"line":153,"column":8},"end":{"line":156,"column":29}},"42":{"start":{"line":154,"column":25},"end":{"line":154,"column":44}},"43":{"start":{"line":155,"column":22},"end":{"line":155,"column":28}},"44":{"start":{"line":166,"column":20},"end":{"line":166,"column":59}},"45":{"start":{"line":166,"column":39},"end":{"line":166,"column":58}},"46":{"start":{"line":167,"column":8},"end":{"line":167,"column":37}},"47":{"start":{"line":171,"column":0},"end":{"line":171,"column":47}}},"fnMap":{"0":{"name":"(anonymous_0)","decl":{"start":{"line":22,"column":4},"end":{"line":22,"column":5}},"loc":{"start":{"line":22,"column":23},"end":{"line":68,"column":5}},"line":22},"1":{"name":"(anonymous_1)","decl":{"start":{"line":76,"column":4},"end":{"line":76,"column":5}},"loc":{"start":{"line":76,"column":47},"end":{"line":81,"column":5}},"line":76},"2":{"name":"(anonymous_2)","decl":{"start":{"line":91,"column":4},"end":{"line":91,"column":5}},"loc":{"start":{"line":91,"column":43},"end":{"line":110,"column":5}},"line":91},"3":{"name":"(anonymous_3)","decl":{"start":{"line":117,"column":4},"end":{"line":117,"column":5}},"loc":{"start":{"line":117,"column":38},"end":{"line":123,"column":5}},"line":117},"4":{"name":"(anonymous_4)","decl":{"start":{"line":130,"column":4},"end":{"line":130,"column":5}},"loc":{"start":{"line":130,"column":39},"end":{"line":133,"column":5}},"line":130},"5":{"name":"(anonymous_5)","decl":{"start":{"line":140,"column":4},"end":{"line":140,"column":5}},"loc":{"start":{"line":140,"column":32},"end":{"line":144,"column":5}},"line":140},"6":{"name":"(anonymous_6)","decl":{"start":{"line":152,"column":4},"end":{"line":152,"column":5}},"loc":{"start":{"line":152,"column":45},"end":{"line":157,"column":5}},"line":152},"7":{"name":"(anonymous_7)","decl":{"start":{"line":154,"column":20},"end":{"line":154,"column":21}},"loc":{"start":{"line":154,"column":25},"end":{"line":154,"column":44}},"line":154},"8":{"name":"(anonymous_8)","decl":{"start":{"line":155,"column":17},"end":{"line":155,"column":18}},"loc":{"start":{"line":155,"column":22},"end":{"line":155,"column":28}},"line":155},"9":{"name":"(anonymous_9)","decl":{"start":{"line":165,"column":4},"end":{"line":165,"column":5}},"loc":{"start":{"line":165,"column":41},"end":{"line":168,"column":5}},"line":165},"10":{"name":"(anonymous_10)","decl":{"start":{"line":166,"column":34},"end":{"line":166,"column":35}},"loc":{"start":{"line":166,"column":39},"end":{"line":166,"column":58}},"line":166}},"branchMap":{"0":{"loc":{"start":{"line":23,"column":21},"end":{"line":23,"column":40}},"type":"binary-expr","locations":[{"start":{"line":23,"column":21},"end":{"line":23,"column":34}},{"start":{"line":23,"column":38},"end":{"line":23,"column":40}}],"line":23},"1":{"loc":{"start":{"line":24,"column":25},"end":{"line":24,"column":44}},"type":"binary-expr","locations":[{"start":{"line":24,"column":25},"end":{"line":24,"column":38}},{"start":{"line":24,"column":42},"end":{"line":24,"column":44}}],"line":24},"2":{"loc":{"start":{"line":27,"column":21},"end":{"line":27,"column":84}},"type":"binary-expr","locations":[{"start":{"line":27,"column":21},"end":{"line":27,"column":51}},{"start":{"line":27,"column":55},"end":{"line":27,"column":84}}],"line":27},"3":{"loc":{"start":{"line":30,"column":16},"end":{"line":30,"column":33}},"type":"binary-expr","locations":[{"start":{"line":30,"column":16},"end":{"line":30,"column":27}},{"start":{"line":30,"column":31},"end":{"line":30,"column":33}}],"line":30},"4":{"loc":{"start":{"line":31,"column":19},"end":{"line":31,"column":54}},"type":"binary-expr","locations":[{"start":{"line":31,"column":19},"end":{"line":31,"column":33}},{"start":{"line":31,"column":37},"end":{"line":31,"column":48}},{"start":{"line":31,"column":52},"end":{"line":31,"column":54}}],"line":31},"5":{"loc":{"start":{"line":32,"column":23},"end":{"line":32,"column":73}},"type":"binary-expr","locations":[{"start":{"line":32,"column":23},"end":{"line":32,"column":41}},{"start":{"line":32,"column":45},"end":{"line":32,"column":73}}],"line":32},"6":{"loc":{"start":{"line":35,"column":16},"end":{"line":35,"column":70}},"type":"binary-expr","locations":[{"start":{"line":35,"column":16},"end":{"line":35,"column":42}},{"start":{"line":35,"column":46},"end":{"line":35,"column":70}}],"line":35},"7":{"loc":{"start":{"line":40,"column":20},"end":{"line":40,"column":41}},"type":"binary-expr","locations":[{"start":{"line":40,"column":20},"end":{"line":40,"column":35}},{"start":{"line":40,"column":39},"end":{"line":40,"column":41}}],"line":40},"8":{"loc":{"start":{"line":41,"column":31},"end":{"line":41,"column":64}},"type":"binary-expr","locations":[{"start":{"line":41,"column":31},"end":{"line":41,"column":58}},{"start":{"line":41,"column":62},"end":{"line":41,"column":64}}],"line":41},"9":{"loc":{"start":{"line":42,"column":30},"end":{"line":42,"column":62}},"type":"binary-expr","locations":[{"start":{"line":42,"column":30},"end":{"line":42,"column":56}},{"start":{"line":42,"column":60},"end":{"line":42,"column":62}}],"line":42},"10":{"loc":{"start":{"line":43,"column":33},"end":{"line":43,"column":68}},"type":"binary-expr","locations":[{"start":{"line":43,"column":33},"end":{"line":43,"column":62}},{"start":{"line":43,"column":66},"end":{"line":43,"column":68}}],"line":43},"11":{"loc":{"start":{"line":51,"column":40},"end":{"line":51,"column":113}},"type":"binary-expr","locations":[{"start":{"line":51,"column":40},"end":{"line":51,"column":107}},{"start":{"line":51,"column":111},"end":{"line":51,"column":113}}],"line":51},"12":{"loc":{"start":{"line":53,"column":16},"end":{"line":53,"column":60}},"type":"binary-expr","locations":[{"start":{"line":53,"column":16},"end":{"line":53,"column":32}},{"start":{"line":53,"column":36},"end":{"line":53,"column":60}}],"line":53},"13":{"loc":{"start":{"line":55,"column":25},"end":{"line":55,"column":42}},"type":"binary-expr","locations":[{"start":{"line":55,"column":25},"end":{"line":55,"column":36}},{"start":{"line":55,"column":40},"end":{"line":55,"column":42}}],"line":55},"14":{"loc":{"start":{"line":56,"column":28},"end":{"line":58,"column":42}},"type":"cond-expr","locations":[{"start":{"line":57,"column":18},"end":{"line":57,"column":51}},{"start":{"line":58,"column":18},"end":{"line":58,"column":42}}],"line":56},"15":{"loc":{"start":{"line":61,"column":8},"end":{"line":65,"column":9}},"type":"if","locations":[{"start":{"line":61,"column":8},"end":{"line":65,"column":9}},{"start":{"line":63,"column":15},"end":{"line":65,"column":9}}],"line":61},"16":{"loc":{"start":{"line":77,"column":8},"end":{"line":77,"column":35}},"type":"if","locations":[{"start":{"line":77,"column":8},"end":{"line":77,"column":35}},{"start":{},"end":{}}],"line":77},"17":{"loc":{"start":{"line":78,"column":35},"end":{"line":78,"column":91}},"type":"cond-expr","locations":[{"start":{"line":78,"column":65},"end":{"line":78,"column":84}},{"start":{"line":78,"column":87},"end":{"line":78,"column":91}}],"line":78},"18":{"loc":{"start":{"line":79,"column":34},"end":{"line":79,"column":58}},"type":"binary-expr","locations":[{"start":{"line":79,"column":34},"end":{"line":79,"column":52}},{"start":{"line":79,"column":56},"end":{"line":79,"column":58}}],"line":79},"19":{"loc":{"start":{"line":80,"column":34},"end":{"line":80,"column":58}},"type":"binary-expr","locations":[{"start":{"line":80,"column":34},"end":{"line":80,"column":52}},{"start":{"line":80,"column":56},"end":{"line":80,"column":58}}],"line":80},"20":{"loc":{"start":{"line":92,"column":8},"end":{"line":92,"column":47}},"type":"if","locations":[{"start":{"line":92,"column":8},"end":{"line":92,"column":47}},{"start":{},"end":{}}],"line":92},"21":{"loc":{"start":{"line":95,"column":12},"end":{"line":95,"column":56}},"type":"if","locations":[{"start":{"line":95,"column":12},"end":{"line":95,"column":56}},{"start":{},"end":{}}],"line":95},"22":{"loc":{"start":{"line":95,"column":16},"end":{"line":95,"column":45}},"type":"binary-expr","locations":[{"start":{"line":95,"column":16},"end":{"line":95,"column":26}},{"start":{"line":95,"column":30},"end":{"line":95,"column":45}}],"line":95},"23":{"loc":{"start":{"line":97,"column":12},"end":{"line":97,"column":66}},"type":"if","locations":[{"start":{"line":97,"column":12},"end":{"line":97,"column":66}},{"start":{},"end":{}}],"line":97},"24":{"loc":{"start":{"line":100,"column":12},"end":{"line":108,"column":13}},"type":"if","locations":[{"start":{"line":100,"column":12},"end":{"line":108,"column":13}},{"start":{"line":104,"column":19},"end":{"line":108,"column":13}}],"line":100},"25":{"loc":{"start":{"line":101,"column":41},"end":{"line":103,"column":26}},"type":"cond-expr","locations":[{"start":{"line":102,"column":22},"end":{"line":102,"column":51}},{"start":{"line":103,"column":22},"end":{"line":103,"column":26}}],"line":101},"26":{"loc":{"start":{"line":104,"column":19},"end":{"line":108,"column":13}},"type":"if","locations":[{"start":{"line":104,"column":19},"end":{"line":108,"column":13}},{"start":{},"end":{}}],"line":104},"27":{"loc":{"start":{"line":105,"column":42},"end":{"line":107,"column":26}},"type":"cond-expr","locations":[{"start":{"line":106,"column":22},"end":{"line":106,"column":51}},{"start":{"line":107,"column":22},"end":{"line":107,"column":26}}],"line":105},"28":{"loc":{"start":{"line":120,"column":18},"end":{"line":120,"column":36}},"type":"binary-expr","locations":[{"start":{"line":120,"column":18},"end":{"line":120,"column":30}},{"start":{"line":120,"column":34},"end":{"line":120,"column":36}}],"line":120},"29":{"loc":{"start":{"line":121,"column":20},"end":{"line":121,"column":40}},"type":"binary-expr","locations":[{"start":{"line":121,"column":20},"end":{"line":121,"column":34}},{"start":{"line":121,"column":38},"end":{"line":121,"column":40}}],"line":121},"30":{"loc":{"start":{"line":132,"column":23},"end":{"line":132,"column":41}},"type":"binary-expr","locations":[{"start":{"line":132,"column":23},"end":{"line":132,"column":35}},{"start":{"line":132,"column":39},"end":{"line":132,"column":41}}],"line":132},"31":{"loc":{"start":{"line":141,"column":8},"end":{"line":141,"column":33}},"type":"if","locations":[{"start":{"line":141,"column":8},"end":{"line":141,"column":33}},{"start":{},"end":{}}],"line":141},"32":{"loc":{"start":{"line":143,"column":15},"end":{"line":143,"column":41}},"type":"cond-expr","locations":[{"start":{"line":143,"column":31},"end":{"line":143,"column":32}},{"start":{"line":143,"column":35},"end":{"line":143,"column":41}}],"line":143},"33":{"loc":{"start":{"line":167,"column":15},"end":{"line":167,"column":36}},"type":"cond-expr","locations":[{"start":{"line":167,"column":21},"end":{"line":167,"column":29}},{"start":{"line":167,"column":32},"end":{"line":167,"column":36}}],"line":167}},"s":{"0":5,"1":5,"2":5,"3":5,"4":5,"5":103,"6":103,"7":103,"8":103,"9":103,"10":103,"11":103,"12":19,"13":84,"14":103,"15":84,"16":1,"17":83,"18":83,"19":83,"20":19,"21":1,"22":18,"23":32,"24":2,"25":30,"26":30,"27":1,"28":29,"29":29,"30":16,"31":13,"32":13,"33":133,"34":133,"35":103,"36":103,"37":103,"38":4,"39":99,"40":99,"41":206,"42":402,"43":201,"44":103,"45":201,"46":103,"47":5},"f":{"0":103,"1":84,"2":19,"3":133,"4":103,"5":103,"6":206,"7":402,"8":201,"9":103,"10":201},"b":{"0":[103,1],"1":[103,2],"2":[103,99],"3":[103,1],"4":[103,1,0],"5":[103,1],"6":[103,1],"7":[103,1],"8":[103,1],"9":[103,49],"10":[103,48],"11":[103,4],"12":[103,1],"13":[103,30],"14":[1,102],"15":[19,84],"16":[1,83],"17":[81,2],"18":[83,0],"19":[83,3],"20":[1,18],"21":[2,30],"22":[32,31],"23":[1,29],"24":[16,13],"25":[15,1],"26":[13,0],"27":[10,3],"28":[133,3],"29":[133,3],"30":[103,1],"31":[4,99],"32":[1,98],"33":[99,4]},"_coverageSchema":"1a1c01bbd47fc00a2c39e90264f33305004495a9","hash":"a9290449e1d92bda981530567adbefd0305cfb75"}
,"/Users/billfield/dev/fhir-server/src/dataLayer/clickHouse/schemas/observationSchema.js": {"path":"/Users/billfield/dev/fhir-server/src/dataLayer/clickHouse/schemas/observationSchema.js","statementMap":{"0":{"start":{"line":7,"column":4},"end":{"line":7,"column":53}},"1":{"start":{"line":8,"column":38},"end":{"line":8,"column":93}},"2":{"start":{"line":13,"column":35},"end":{"line":13,"column":37}},"3":{"start":{"line":23,"column":4},"end":{"line":53,"column":6}},"4":{"start":{"line":56,"column":0},"end":{"line":56,"column":42}}},"fnMap":{"0":{"name":"getObservationSchema","decl":{"start":{"line":22,"column":9},"end":{"line":22,"column":29}},"loc":{"start":{"line":22,"column":33},"end":{"line":54,"column":1}},"line":22}},"branchMap":{},"s":{"0":4,"1":4,"2":4,"3":8,"4":4},"f":{"0":8},"b":{},"_coverageSchema":"1a1c01bbd47fc00a2c39e90264f33305004495a9","hash":"153faff1596812abfee4cc605a958ac384c3924d"}
,"/Users/billfield/dev/fhir-server/src/dataLayer/repositories/genericClickHouseRepository.js": {"path":"/Users/billfield/dev/fhir-server/src/dataLayer/repositories/genericClickHouseRepository.js","statementMap":{"0":{"start":{"line":3,"column":31},"end":{"line":3,"column":73}},"1":{"start":{"line":4,"column":26},"end":{"line":4,"column":62}},"2":{"start":{"line":5,"column":25},"end":{"line":5,"column":71}},"3":{"start":{"line":6,"column":18},"end":{"line":6,"column":47}},"4":{"start":{"line":8,"column":15},"end":{"line":8,"column":72}},"5":{"start":{"line":27,"column":8},"end":{"line":27,"column":63}},"6":{"start":{"line":28,"column":8},"end":{"line":28,"column":45}},"7":{"start":{"line":29,"column":8},"end":{"line":29,"column":39}},"8":{"start":{"line":30,"column":8},"end":{"line":30,"column":41}},"9":{"start":{"line":43,"column":8},"end":{"line":85,"column":11}},"10":{"start":{"line":44,"column":12},"end":{"line":84,"column":13}},"11":{"start":{"line":45,"column":31},"end":{"line":45,"column":74}},"12":{"start":{"line":46,"column":36},"end":{"line":46,"column":78}},"13":{"start":{"line":48,"column":16},"end":{"line":48,"column":79}},"14":{"start":{"line":50,"column":30},"end":{"line":50,"column":50}},"15":{"start":{"line":53,"column":33},"end":{"line":55,"column":17}},"16":{"start":{"line":57,"column":16},"end":{"line":61,"column":19}},"17":{"start":{"line":63,"column":32},"end":{"line":63,"column":87}},"18":{"start":{"line":64,"column":36},"end":{"line":64,"column":49}},"19":{"start":{"line":65,"column":32},"end":{"line":65,"column":58}},"20":{"start":{"line":66,"column":29},"end":{"line":66,"column":80}},"21":{"start":{"line":68,"column":16},"end":{"line":72,"column":19}},"22":{"start":{"line":74,"column":16},"end":{"line":74,"column":27}},"23":{"start":{"line":75,"column":16},"end":{"line":75,"column":53}},"24":{"start":{"line":77,"column":16},"end":{"line":77,"column":44}},"25":{"start":{"line":78,"column":16},"end":{"line":78,"column":27}},"26":{"start":{"line":79,"column":16},"end":{"line":83,"column":19}},"27":{"start":{"line":98,"column":8},"end":{"line":112,"column":9}},"28":{"start":{"line":99,"column":27},"end":{"line":99,"column":70}},"29":{"start":{"line":100,"column":39},"end":{"line":102,"column":51}},"30":{"start":{"line":103,"column":29},"end":{"line":103,"column":97}},"31":{"start":{"line":104,"column":25},"end":{"line":104,"column":80}},"32":{"start":{"line":105,"column":12},"end":{"line":105,"column":62}},"33":{"start":{"line":107,"column":12},"end":{"line":111,"column":15}},"34":{"start":{"line":124,"column":8},"end":{"line":139,"column":9}},"35":{"start":{"line":125,"column":27},"end":{"line":125,"column":70}},"36":{"start":{"line":126,"column":32},"end":{"line":126,"column":74}},"37":{"start":{"line":128,"column":12},"end":{"line":128,"column":75}},"38":{"start":{"line":130,"column":29},"end":{"line":130,"column":83}},"39":{"start":{"line":131,"column":25},"end":{"line":131,"column":80}},"40":{"start":{"line":132,"column":12},"end":{"line":132,"column":71}},"41":{"start":{"line":134,"column":12},"end":{"line":138,"column":15}},"42":{"start":{"line":152,"column":8},"end":{"line":197,"column":11}},"43":{"start":{"line":153,"column":12},"end":{"line":196,"column":13}},"44":{"start":{"line":154,"column":31},"end":{"line":154,"column":74}},"45":{"start":{"line":156,"column":29},"end":{"line":156,"column":95}},"46":{"start":{"line":156,"column":55},"end":{"line":156,"column":94}},"47":{"start":{"line":158,"column":16},"end":{"line":163,"column":19}},"48":{"start":{"line":165,"column":16},"end":{"line":168,"column":17}},"49":{"start":{"line":166,"column":20},"end":{"line":166,"column":31}},"50":{"start":{"line":167,"column":20},"end":{"line":167,"column":48}},"51":{"start":{"line":170,"column":16},"end":{"line":174,"column":19}},"52":{"start":{"line":176,"column":16},"end":{"line":179,"column":19}},"53":{"start":{"line":181,"column":16},"end":{"line":181,"column":27}},"54":{"start":{"line":182,"column":16},"end":{"line":182,"column":54}},"55":{"start":{"line":184,"column":16},"end":{"line":184,"column":44}},"56":{"start":{"line":185,"column":16},"end":{"line":185,"column":27}},"57":{"start":{"line":186,"column":16},"end":{"line":190,"column":19}},"58":{"start":{"line":191,"column":16},"end":{"line":195,"column":19}},"59":{"start":{"line":201,"column":0},"end":{"line":201,"column":49}}},"fnMap":{"0":{"name":"(anonymous_0)","decl":{"start":{"line":26,"column":4},"end":{"line":26,"column":5}},"loc":{"start":{"line":26,"column":89},"end":{"line":31,"column":5}},"line":26},"1":{"name":"(anonymous_1)","decl":{"start":{"line":42,"column":4},"end":{"line":42,"column":5}},"loc":{"start":{"line":42,"column":67},"end":{"line":86,"column":5}},"line":42},"2":{"name":"(anonymous_2)","decl":{"start":{"line":43,"column":76},"end":{"line":43,"column":77}},"loc":{"start":{"line":43,"column":92},"end":{"line":85,"column":9}},"line":43},"3":{"name":"(anonymous_3)","decl":{"start":{"line":97,"column":4},"end":{"line":97,"column":5}},"loc":{"start":{"line":97,"column":59},"end":{"line":113,"column":5}},"line":97},"4":{"name":"(anonymous_4)","decl":{"start":{"line":123,"column":4},"end":{"line":123,"column":5}},"loc":{"start":{"line":123,"column":52},"end":{"line":140,"column":5}},"line":123},"5":{"name":"(anonymous_5)","decl":{"start":{"line":151,"column":4},"end":{"line":151,"column":5}},"loc":{"start":{"line":151,"column":52},"end":{"line":198,"column":5}},"line":151},"6":{"name":"(anonymous_6)","decl":{"start":{"line":152,"column":76},"end":{"line":152,"column":77}},"loc":{"start":{"line":152,"column":92},"end":{"line":197,"column":9}},"line":152},"7":{"name":"(anonymous_7)","decl":{"start":{"line":156,"column":43},"end":{"line":156,"column":44}},"loc":{"start":{"line":156,"column":55},"end":{"line":156,"column":94}},"line":156}},"branchMap":{"0":{"loc":{"start":{"line":42,"column":51},"end":{"line":42,"column":63}},"type":"default-arg","locations":[{"start":{"line":42,"column":61},"end":{"line":42,"column":63}}],"line":42},"1":{"loc":{"start":{"line":50,"column":30},"end":{"line":50,"column":50}},"type":"binary-expr","locations":[{"start":{"line":50,"column":30},"end":{"line":50,"column":43}},{"start":{"line":50,"column":47},"end":{"line":50,"column":50}}],"line":50},"2":{"loc":{"start":{"line":64,"column":36},"end":{"line":64,"column":49}},"type":"binary-expr","locations":[{"start":{"line":64,"column":36},"end":{"line":64,"column":43}},{"start":{"line":64,"column":47},"end":{"line":64,"column":49}}],"line":64},"3":{"loc":{"start":{"line":66,"column":29},"end":{"line":66,"column":80}},"type":"cond-expr","locations":[{"start":{"line":66,"column":39},"end":{"line":66,"column":66}},{"start":{"line":66,"column":69},"end":{"line":66,"column":80}}],"line":66},"4":{"loc":{"start":{"line":70,"column":31},"end":{"line":70,"column":41}},"type":"binary-expr","locations":[{"start":{"line":70,"column":31},"end":{"line":70,"column":35}},{"start":{"line":70,"column":39},"end":{"line":70,"column":41}}],"line":70},"5":{"loc":{"start":{"line":75,"column":31},"end":{"line":75,"column":41}},"type":"binary-expr","locations":[{"start":{"line":75,"column":31},"end":{"line":75,"column":35}},{"start":{"line":75,"column":39},"end":{"line":75,"column":41}}],"line":75},"6":{"loc":{"start":{"line":100,"column":39},"end":{"line":102,"column":51}},"type":"cond-expr","locations":[{"start":{"line":101,"column":18},"end":{"line":101,"column":79}},{"start":{"line":102,"column":18},"end":{"line":102,"column":51}}],"line":100},"7":{"loc":{"start":{"line":105,"column":19},"end":{"line":105,"column":61}},"type":"cond-expr","locations":[{"start":{"line":105,"column":47},"end":{"line":105,"column":54}},{"start":{"line":105,"column":57},"end":{"line":105,"column":61}}],"line":105},"8":{"loc":{"start":{"line":105,"column":20},"end":{"line":105,"column":43}},"type":"binary-expr","locations":[{"start":{"line":105,"column":20},"end":{"line":105,"column":24}},{"start":{"line":105,"column":28},"end":{"line":105,"column":43}}],"line":105},"9":{"loc":{"start":{"line":132,"column":19},"end":{"line":132,"column":70}},"type":"cond-expr","locations":[{"start":{"line":132,"column":47},"end":{"line":132,"column":66}},{"start":{"line":132,"column":69},"end":{"line":132,"column":70}}],"line":132},"10":{"loc":{"start":{"line":132,"column":20},"end":{"line":132,"column":43}},"type":"binary-expr","locations":[{"start":{"line":132,"column":20},"end":{"line":132,"column":24}},{"start":{"line":132,"column":28},"end":{"line":132,"column":43}}],"line":132},"11":{"loc":{"start":{"line":165,"column":16},"end":{"line":168,"column":17}},"type":"if","locations":[{"start":{"line":165,"column":16},"end":{"line":168,"column":17}},{"start":{},"end":{}}],"line":165}},"s":{"0":4,"1":4,"2":4,"3":4,"4":4,"5":8,"6":8,"7":8,"8":8,"9":21,"10":21,"11":21,"12":21,"13":21,"14":17,"15":17,"16":17,"17":17,"18":17,"19":17,"20":17,"21":17,"22":17,"23":17,"24":4,"25":4,"26":4,"27":3,"28":3,"29":3,"30":3,"31":3,"32":3,"33":0,"34":3,"35":3,"36":3,"37":3,"38":3,"39":3,"40":3,"41":0,"42":28,"43":28,"44":28,"45":28,"46":48,"47":28,"48":28,"49":0,"50":0,"51":28,"52":28,"53":28,"54":28,"55":0,"56":0,"57":0,"58":0,"59":4},"f":{"0":8,"1":21,"2":21,"3":3,"4":3,"5":28,"6":28,"7":48},"b":{"0":[0],"1":[17,0],"2":[17,0],"3":[4,13],"4":[17,0],"5":[17,0],"6":[3,0],"7":[2,1],"8":[3,3],"9":[3,0],"10":[3,3],"11":[0,28]},"_coverageSchema":"1a1c01bbd47fc00a2c39e90264f33305004495a9","hash":"8ef5892278c7f8f52a95dc0ba3ef3aefc32b81b5"}
}
