TN:
SF:src/dataLayer/builders/genericClickHouseQueryBuilder.js
FN:63,(anonymous_0)
FN:139,(anonymous_1)
FN:175,(anonymous_2)
FN:209,(anonymous_3)
FN:214,(anonymous_4)
FN:219,(anonymous_5)
FN:224,(anonymous_6)
FN:230,(anonymous_7)
FN:242,(anonymous_8)
FN:247,(anonymous_9)
FN:248,(anonymous_10)
FN:268,(anonymous_11)
FN:274,(anonymous_12)
FN:277,(anonymous_13)
FN:296,(anonymous_14)
FN:311,(anonymous_15)
FN:316,(anonymous_16)
FN:340,(anonymous_17)
FN:343,(anonymous_18)
FN:350,(anonymous_19)
FN:375,(anonymous_20)
FN:403,(anonymous_21)
FN:429,(anonymous_22)
FN:448,(anonymous_23)
FN:454,(anonymous_24)
FN:479,(anonymous_25)
FN:503,(anonymous_26)
FNF:27
FNH:24
FNDA:17,(anonymous_0)
FNDA:3,(anonymous_1)
FNDA:3,(anonymous_2)
FNDA:20,(anonymous_3)
FNDA:23,(anonymous_4)
FNDA:20,(anonymous_5)
FNDA:40,(anonymous_6)
FNDA:37,(anonymous_7)
FNDA:24,(anonymous_8)
FNDA:92,(anonymous_9)
FNDA:92,(anonymous_10)
FNDA:21,(anonymous_11)
FNDA:143,(anonymous_12)
FNDA:164,(anonymous_13)
FNDA:4,(anonymous_14)
FNDA:20,(anonymous_15)
FNDA:80,(anonymous_16)
FNDA:80,(anonymous_17)
FNDA:0,(anonymous_18)
FNDA:0,(anonymous_19)
FNDA:23,(anonymous_20)
FNDA:80,(anonymous_21)
FNDA:86,(anonymous_22)
FNDA:80,(anonymous_23)
FNDA:0,(anonymous_24)
FNDA:17,(anonymous_25)
FNDA:36,(anonymous_26)
DA:3,4
DA:4,4
DA:5,4
DA:8,4
DA:9,4
DA:10,4
DA:11,4
DA:14,4
DA:28,4
DA:38,4
DA:64,17
DA:65,17
DA:66,17
DA:67,17
DA:69,17
DA:70,17
DA:71,0
DA:75,17
DA:82,17
DA:83,17
DA:85,17
DA:93,17
DA:101,17
DA:102,0
DA:105,17
DA:107,0
DA:109,0
DA:117,0
DA:118,0
DA:121,0
DA:124,17
DA:131,17
DA:140,3
DA:141,3
DA:144,3
DA:145,3
DA:153,3
DA:158,0
DA:164,0
DA:166,3
DA:176,3
DA:177,3
DA:180,3
DA:185,3
DA:187,3
DA:189,3
DA:195,3
DA:197,3
DA:200,3
DA:202,3
DA:203,3
DA:210,20
DA:215,23
DA:220,20
DA:225,40
DA:226,26
DA:231,37
DA:244,24
DA:245,24
DA:247,92
DA:248,92
DA:251,24
DA:252,69
DA:253,3
DA:262,21
DA:263,21
DA:270,21
DA:271,181
DA:273,41
DA:274,143
DA:276,41
DA:277,164
DA:280,41
DA:281,21
DA:282,21
DA:283,21
DA:285,21
DA:286,1
DA:297,4
DA:298,4
DA:299,4
DA:300,4
DA:312,20
DA:313,20
DA:315,20
DA:316,80
DA:319,20
DA:323,20
DA:341,80
DA:342,0
DA:343,0
DA:345,0
DA:348,80
DA:349,0
DA:350,0
DA:352,0
DA:356,80
DA:357,0
DA:360,80
DA:361,80
DA:362,80
DA:376,23
DA:377,23
DA:379,23
DA:380,0
DA:386,23
DA:387,23
DA:389,23
DA:390,0
DA:391,0
DA:394,23
DA:404,80
DA:405,80
DA:406,80
DA:408,80
DA:409,0
DA:412,80
DA:413,80
DA:414,0
DA:417,80
DA:430,86
DA:431,86
DA:432,0
DA:437,86
DA:449,80
DA:450,40
DA:451,40
DA:453,0
DA:454,0
DA:455,0
DA:459,40
DA:480,17
DA:483,3
DA:484,3
DA:485,3
DA:486,2
DA:487,2
DA:491,1
DA:494,3
DA:496,2
DA:497,2
DA:499,2
DA:500,8
DA:501,8
DA:502,8
DA:503,36
DA:504,8
DA:506,8
DA:507,8
DA:509,0
DA:512,0
DA:513,0
DA:514,0
DA:516,8
DA:517,2
DA:520,8
DA:521,8
DA:522,8
DA:525,2
DA:530,1
DA:531,1
DA:536,4
LF:162
LH:133
BRDA:63,0,0,0
BRDA:64,1,0,17
BRDA:64,1,1,0
BRDA:65,2,0,17
BRDA:65,2,1,17
BRDA:70,3,0,0
BRDA:70,3,1,17
BRDA:75,4,0,17
BRDA:75,4,1,0
BRDA:101,5,0,0
BRDA:101,5,1,17
BRDA:117,6,0,0
BRDA:117,6,1,0
BRDA:144,7,0,3
BRDA:144,7,1,0
BRDA:181,8,0,3
BRDA:181,8,1,0
BRDA:195,9,0,3
BRDA:195,9,1,0
BRDA:225,10,0,14
BRDA:225,10,1,26
BRDA:244,11,0,24
BRDA:244,11,1,0
BRDA:244,12,0,24
BRDA:244,12,1,24
BRDA:252,13,0,3
BRDA:252,13,1,66
BRDA:262,14,0,21
BRDA:262,14,1,0
BRDA:271,15,0,140
BRDA:271,15,1,41
BRDA:274,16,0,143
BRDA:274,16,1,21
BRDA:274,16,2,0
BRDA:277,17,0,164
BRDA:277,17,1,42
BRDA:277,17,2,21
BRDA:280,18,0,21
BRDA:280,18,1,20
BRDA:280,19,0,41
BRDA:280,19,1,21
BRDA:285,20,0,1
BRDA:285,20,1,20
BRDA:341,21,0,0
BRDA:341,21,1,80
BRDA:341,22,0,80
BRDA:341,22,1,0
BRDA:345,23,0,0
BRDA:345,23,1,0
BRDA:348,24,0,0
BRDA:348,24,1,80
BRDA:348,25,0,80
BRDA:348,25,1,0
BRDA:352,26,0,0
BRDA:352,26,1,0
BRDA:356,27,0,0
BRDA:356,27,1,80
BRDA:379,28,0,0
BRDA:379,28,1,23
BRDA:379,29,0,23
BRDA:379,29,1,23
BRDA:389,30,0,0
BRDA:389,30,1,23
BRDA:408,31,0,0
BRDA:408,31,1,80
BRDA:413,32,0,0
BRDA:413,32,1,80
BRDA:431,33,0,0
BRDA:431,33,1,86
BRDA:449,34,0,40
BRDA:449,34,1,40
BRDA:450,35,0,40
BRDA:450,35,1,0
BRDA:453,36,0,0
BRDA:453,36,1,0
BRDA:455,37,0,0
BRDA:455,37,1,0
BRDA:480,38,0,14
BRDA:480,38,1,3
BRDA:486,39,0,2
BRDA:486,39,1,0
BRDA:486,40,0,2
BRDA:486,40,1,2
BRDA:486,40,2,2
BRDA:494,41,0,2
BRDA:494,41,1,1
BRDA:502,42,0,8
BRDA:502,42,1,0
BRDA:504,43,0,6
BRDA:504,43,1,2
BRDA:507,44,0,0
BRDA:507,44,1,8
BRDA:507,45,0,8
BRDA:507,45,1,8
BRDA:516,46,0,2
BRDA:516,46,1,6
BRDA:516,47,0,8
BRDA:516,47,1,6
BRDA:516,47,2,2
BRF:99
BRH:64
end_of_record
TN:
SF:src/dataLayer/clickHouse/genericClickHouseQueryParser.js
FN:27,(anonymous_0)
FN:65,(anonymous_1)
FN:151,(anonymous_2)
FN:154,(anonymous_3)
FN:189,(anonymous_4)
FN:202,(anonymous_5)
FN:217,(anonymous_6)
FN:221,(anonymous_7)
FNF:8
FNH:7
FNDA:27,(anonymous_0)
FNDA:27,(anonymous_1)
FNDA:27,(anonymous_2)
FNDA:27,(anonymous_3)
FNDA:27,(anonymous_4)
FNDA:27,(anonymous_5)
FNDA:27,(anonymous_6)
FNDA:0,(anonymous_7)
DA:3,4
DA:4,4
DA:28,27
DA:29,27
DA:30,27
DA:31,27
DA:33,27
DA:35,27
DA:42,27
DA:66,27
DA:67,0
DA:70,27
DA:72,96
DA:73,0
DA:74,0
DA:76,0
DA:80,96
DA:81,0
DA:82,0
DA:83,0
DA:84,0
DA:85,0
DA:86,0
DA:87,0
DA:88,0
DA:91,0
DA:92,0
DA:94,0
DA:98,96
DA:99,27
DA:103,69
DA:104,0
DA:108,69
DA:109,69
DA:110,0
DA:113,0
DA:117,69
DA:119,23
DA:120,46
DA:121,46
DA:132,46
DA:152,27
DA:154,27
DA:155,27
DA:157,27
DA:158,27
DA:159,27
DA:160,27
DA:161,27
DA:162,0
DA:163,0
DA:168,27
DA:169,99
DA:170,0
DA:174,27
DA:175,27
DA:178,27
DA:179,27
DA:180,27
DA:181,27
DA:190,27
DA:191,27
DA:192,0
DA:193,0
DA:194,0
DA:203,27
DA:204,24
DA:205,0
DA:206,0
DA:209,24
DA:218,27
DA:219,27
DA:220,27
DA:221,0
DA:222,0
DA:223,0
DA:224,0
DA:225,0
DA:226,0
DA:229,27
DA:233,4
LF:81
LH:49
BRDA:66,0,0,0
BRDA:66,0,1,27
BRDA:66,1,0,27
BRDA:66,1,1,27
BRDA:72,2,0,0
BRDA:72,2,1,96
BRDA:72,3,0,96
BRDA:72,3,1,0
BRDA:80,4,0,0
BRDA:80,4,1,96
BRDA:80,5,0,96
BRDA:80,5,1,0
BRDA:85,6,0,0
BRDA:85,6,1,0
BRDA:87,7,0,0
BRDA:87,7,1,0
BRDA:91,8,0,0
BRDA:91,8,1,0
BRDA:98,9,0,27
BRDA:98,9,1,69
BRDA:103,10,0,0
BRDA:103,10,1,69
BRDA:109,11,0,0
BRDA:109,11,1,69
BRDA:117,12,0,23
BRDA:117,12,1,46
BRDA:117,13,0,69
BRDA:117,13,1,69
BRDA:117,13,2,23
BRDA:120,14,0,46
BRDA:120,14,1,0
BRDA:155,15,0,0
BRDA:155,15,1,27
BRDA:155,16,0,27
BRDA:155,16,1,27
BRDA:157,17,0,27
BRDA:157,17,1,0
BRDA:157,18,0,27
BRDA:157,18,1,27
BRDA:160,19,0,27
BRDA:160,19,1,0
BRDA:162,20,0,0
BRDA:162,20,1,0
BRDA:169,21,0,0
BRDA:169,21,1,99
BRDA:169,22,0,99
BRDA:169,22,1,0
BRDA:174,23,0,0
BRDA:174,23,1,27
BRDA:174,24,0,27
BRDA:174,24,1,0
BRDA:175,25,0,0
BRDA:175,25,1,27
BRDA:175,26,0,27
BRDA:175,26,1,0
BRDA:190,27,0,0
BRDA:190,27,1,27
BRDA:190,28,0,27
BRDA:190,28,1,27
BRDA:191,29,0,27
BRDA:191,29,1,0
BRDA:192,30,0,0
BRDA:192,30,1,0
BRDA:192,31,0,0
BRDA:192,31,1,0
BRDA:193,32,0,0
BRDA:193,32,1,0
BRDA:203,33,0,3
BRDA:203,33,1,24
BRDA:204,34,0,0
BRDA:204,34,1,24
BRDA:204,35,0,24
BRDA:204,35,1,0
BRDA:206,36,0,0
BRDA:206,36,1,0
BRDA:220,37,0,0
BRDA:220,37,1,27
BRDA:221,38,0,0
BRDA:221,38,1,0
BRDA:222,39,0,0
BRDA:222,39,1,0
BRDA:224,40,0,0
BRDA:224,40,1,0
BRF:83
BRH:39
end_of_record
TN:
SF:src/dataLayer/clickHouse/schemaRegistry.js
FN:21,(anonymous_0)
FN:33,(anonymous_1)
FN:44,(anonymous_2)
FN:56,(anonymous_3)
FN:63,(anonymous_4)
FN:73,(anonymous_5)
FNF:6
FNH:5
FNDA:8,(anonymous_0)
FNDA:8,(anonymous_1)
FNDA:55,(anonymous_2)
FNDA:4,(anonymous_3)
FNDA:0,(anonymous_4)
FNDA:8,(anonymous_5)
DA:3,4
DA:8,4
DA:25,8
DA:34,8
DA:35,8
DA:36,8
DA:45,55
DA:46,55
DA:47,0
DA:49,55
DA:57,4
DA:64,0
DA:74,8
DA:77,8
DA:78,8
DA:79,0
DA:83,8
DA:84,8
DA:85,0
DA:89,8
DA:90,8
DA:91,8
DA:92,0
DA:94,8
DA:95,0
DA:97,8
DA:98,24
DA:99,0
DA:103,0
DA:104,0
DA:105,0
DA:107,0
DA:108,0
DA:113,8
DA:114,0
DA:116,8
DA:117,32
DA:118,0
DA:124,8
DA:125,0
DA:129,8
DA:130,8
DA:131,0
DA:135,8
DA:140,0
DA:142,8
DA:143,24
DA:144,0
DA:150,8
DA:151,0
DA:153,8
DA:154,72
DA:155,0
DA:161,8
DA:162,8
DA:163,24
DA:164,0
DA:170,8
DA:171,8
DA:172,0
DA:176,8
DA:177,0
DA:180,8
DA:181,0
DA:182,0
DA:183,0
DA:188,4
LF:67
LH:41
BRDA:46,0,0,0
BRDA:46,0,1,55
BRDA:78,1,0,0
BRDA:78,1,1,8
BRDA:78,2,0,8
BRDA:78,2,1,8
BRDA:84,3,0,0
BRDA:84,3,1,8
BRDA:90,4,0,8
BRDA:90,4,1,0
BRDA:91,5,0,0
BRDA:91,5,1,8
BRDA:91,6,0,8
BRDA:91,6,1,8
BRDA:94,7,0,0
BRDA:94,7,1,8
BRDA:94,8,0,8
BRDA:94,8,1,8
BRDA:98,9,0,0
BRDA:98,9,1,24
BRDA:103,10,0,0
BRDA:103,10,1,0
BRDA:104,11,0,0
BRDA:104,11,1,0
BRDA:104,12,0,0
BRDA:104,12,1,0
BRDA:107,13,0,0
BRDA:107,13,1,0
BRDA:107,14,0,0
BRDA:107,14,1,0
BRDA:113,15,0,0
BRDA:113,15,1,8
BRDA:113,16,0,8
BRDA:113,16,1,8
BRDA:117,17,0,0
BRDA:117,17,1,32
BRDA:124,18,0,0
BRDA:124,18,1,8
BRDA:124,19,0,8
BRDA:124,19,1,8
BRDA:130,20,0,0
BRDA:130,20,1,8
BRDA:135,21,0,0
BRDA:135,21,1,8
BRDA:135,22,0,8
BRDA:135,22,1,8
BRDA:135,22,2,8
BRDA:135,22,3,8
BRDA:135,22,4,8
BRDA:143,23,0,0
BRDA:143,23,1,24
BRDA:150,24,0,0
BRDA:150,24,1,8
BRDA:150,25,0,8
BRDA:150,25,1,8
BRDA:154,26,0,0
BRDA:154,26,1,72
BRDA:154,27,0,72
BRDA:154,27,1,72
BRDA:161,28,0,8
BRDA:161,28,1,0
BRDA:161,29,0,8
BRDA:161,29,1,8
BRDA:161,29,2,8
BRDA:163,30,0,0
BRDA:163,30,1,24
BRDA:171,31,0,0
BRDA:171,31,1,8
BRDA:176,32,0,0
BRDA:176,32,1,8
BRDA:176,33,0,8
BRDA:176,33,1,8
BRDA:180,34,0,0
BRDA:180,34,1,8
BRF:74
BRH:44
end_of_record
TN:
SF:src/dataLayer/clickHouse/fieldExtractors/observationFieldExtractor.js
FN:22,(anonymous_0)
FN:76,(anonymous_1)
FN:91,(anonymous_2)
FN:117,(anonymous_3)
FN:130,(anonymous_4)
FN:140,(anonymous_5)
FN:152,(anonymous_6)
FN:154,(anonymous_7)
FN:155,(anonymous_8)
FN:165,(anonymous_9)
FN:166,(anonymous_10)
FNF:11
FNH:11
FNDA:103,(anonymous_0)
FNDA:84,(anonymous_1)
FNDA:19,(anonymous_2)
FNDA:133,(anonymous_3)
FNDA:103,(anonymous_4)
FNDA:103,(anonymous_5)
FNDA:206,(anonymous_6)
FNDA:402,(anonymous_7)
FNDA:201,(anonymous_8)
FNDA:103,(anonymous_9)
FNDA:201,(anonymous_10)
DA:3,5
DA:6,5
DA:7,5
DA:8,5
DA:9,5
DA:23,103
DA:24,103
DA:25,103
DA:26,103
DA:27,103
DA:29,103
DA:61,103
DA:62,19
DA:64,84
DA:67,103
DA:77,84
DA:78,83
DA:79,83
DA:80,83
DA:92,19
DA:94,18
DA:95,32
DA:96,30
DA:97,30
DA:98,29
DA:100,29
DA:101,16
DA:104,13
DA:105,13
DA:118,133
DA:119,133
DA:131,103
DA:132,103
DA:141,103
DA:142,99
DA:143,99
DA:153,206
DA:154,402
DA:155,201
DA:166,201
DA:167,103
DA:171,5
LF:42
LH:42
BRDA:23,0,0,103
BRDA:23,0,1,1
BRDA:24,1,0,103
BRDA:24,1,1,2
BRDA:27,2,0,103
BRDA:27,2,1,99
BRDA:30,3,0,103
BRDA:30,3,1,1
BRDA:31,4,0,103
BRDA:31,4,1,1
BRDA:31,4,2,0
BRDA:32,5,0,103
BRDA:32,5,1,1
BRDA:35,6,0,103
BRDA:35,6,1,1
BRDA:40,7,0,103
BRDA:40,7,1,1
BRDA:41,8,0,103
BRDA:41,8,1,1
BRDA:42,9,0,103
BRDA:42,9,1,49
BRDA:43,10,0,103
BRDA:43,10,1,48
BRDA:51,11,0,103
BRDA:51,11,1,4
BRDA:53,12,0,103
BRDA:53,12,1,1
BRDA:55,13,0,103
BRDA:55,13,1,30
BRDA:56,14,0,1
BRDA:56,14,1,102
BRDA:61,15,0,19
BRDA:61,15,1,84
BRDA:77,16,0,1
BRDA:77,16,1,83
BRDA:78,17,0,81
BRDA:78,17,1,2
BRDA:79,18,0,83
BRDA:79,18,1,0
BRDA:80,19,0,83
BRDA:80,19,1,3
BRDA:92,20,0,1
BRDA:92,20,1,18
BRDA:95,21,0,2
BRDA:95,21,1,30
BRDA:95,22,0,32
BRDA:95,22,1,31
BRDA:97,23,0,1
BRDA:97,23,1,29
BRDA:100,24,0,16
BRDA:100,24,1,13
BRDA:101,25,0,15
BRDA:101,25,1,1
BRDA:104,26,0,13
BRDA:104,26,1,0
BRDA:105,27,0,10
BRDA:105,27,1,3
BRDA:120,28,0,133
BRDA:120,28,1,3
BRDA:121,29,0,133
BRDA:121,29,1,3
BRDA:132,30,0,103
BRDA:132,30,1,1
BRDA:141,31,0,4
BRDA:141,31,1,99
BRDA:143,32,0,1
BRDA:143,32,1,98
BRDA:167,33,0,99
BRDA:167,33,1,4
BRF:69
BRH:66
end_of_record
TN:
SF:src/dataLayer/clickHouse/schemas/observationSchema.js
FN:22,getObservationSchema
FNF:1
FNH:1
FNDA:8,getObservationSchema
DA:7,4
DA:8,4
DA:13,4
DA:23,8
DA:56,4
LF:5
LH:5
BRF:0
BRH:0
end_of_record
TN:
SF:src/dataLayer/repositories/genericClickHouseRepository.js
FN:26,(anonymous_0)
FN:42,(anonymous_1)
FN:43,(anonymous_2)
FN:97,(anonymous_3)
FN:123,(anonymous_4)
FN:151,(anonymous_5)
FN:152,(anonymous_6)
FN:156,(anonymous_7)
FNF:8
FNH:8
FNDA:8,(anonymous_0)
FNDA:21,(anonymous_1)
FNDA:21,(anonymous_2)
FNDA:3,(anonymous_3)
FNDA:3,(anonymous_4)
FNDA:28,(anonymous_5)
FNDA:28,(anonymous_6)
FNDA:48,(anonymous_7)
DA:3,4
DA:4,4
DA:5,4
DA:6,4
DA:8,4
DA:27,8
DA:28,8
DA:29,8
DA:30,8
DA:43,21
DA:44,21
DA:45,21
DA:46,21
DA:48,21
DA:50,17
DA:53,17
DA:57,17
DA:63,17
DA:64,17
DA:65,17
DA:66,17
DA:68,17
DA:74,17
DA:75,17
DA:77,4
DA:78,4
DA:79,4
DA:98,3
DA:99,3
DA:100,3
DA:103,3
DA:104,3
DA:105,3
DA:107,0
DA:124,3
DA:125,3
DA:126,3
DA:128,3
DA:130,3
DA:131,3
DA:132,3
DA:134,0
DA:152,28
DA:153,28
DA:154,28
DA:156,48
DA:158,28
DA:165,28
DA:166,0
DA:167,0
DA:170,28
DA:176,28
DA:181,28
DA:182,28
DA:184,0
DA:185,0
DA:186,0
DA:191,0
DA:201,4
LF:59
LH:51
BRDA:42,0,0,0
BRDA:50,1,0,17
BRDA:50,1,1,0
BRDA:64,2,0,17
BRDA:64,2,1,0
BRDA:66,3,0,4
BRDA:66,3,1,13
BRDA:70,4,0,17
BRDA:70,4,1,0
BRDA:75,5,0,17
BRDA:75,5,1,0
BRDA:100,6,0,3
BRDA:100,6,1,0
BRDA:105,7,0,2
BRDA:105,7,1,1
BRDA:105,8,0,3
BRDA:105,8,1,3
BRDA:132,9,0,3
BRDA:132,9,1,0
BRDA:132,10,0,3
BRDA:132,10,1,3
BRDA:165,11,0,0
BRDA:165,11,1,28
BRF:23
BRH:15
end_of_record
